<?xml version="1.0" encoding="UTF-8"?>
<testsuite xmlns:xsi="http://www.w3.org/2001/XMLSchema-instance" xsi:noNamespaceSchemaLocation="https://maven.apache.org/surefire/maven-surefire-plugin/xsd/surefire-test-report.xsd" name="com.ll.main.BankCounterOperatorApplicationTests" time="4.751" tests="1" errors="1" skipped="0" failures="0">
  <properties>
    <property name="gopherProxySet" value="false"/>
    <property name="awt.toolkit" value="sun.lwawt.macosx.LWCToolkit"/>
    <property name="file.encoding.pkg" value="sun.io"/>
    <property name="java.specification.version" value="1.8"/>
    <property name="sun.cpu.isalist" value=""/>
    <property name="sun.jnu.encoding" value="UTF-8"/>
    <property name="java.class.path" value="/Users/lipan/Downloads/szsmilejava-xht 2/xht/BankCounterOperator/target/test-classes:/Users/lipan/Downloads/szsmilejava-xht 2/xht/BankCounterOperator/target/classes:/Users/lipan/.m2/repository/org/springframework/boot/spring-boot-starter/2.1.9.RELEASE/spring-boot-starter-2.1.9.RELEASE.jar:/Users/lipan/.m2/repository/org/springframework/boot/spring-boot/2.1.9.RELEASE/spring-boot-2.1.9.RELEASE.jar:/Users/lipan/.m2/repository/org/springframework/spring-context/5.1.10.RELEASE/spring-context-5.1.10.RELEASE.jar:/Users/lipan/.m2/repository/org/springframework/boot/spring-boot-autoconfigure/2.1.9.RELEASE/spring-boot-autoconfigure-2.1.9.RELEASE.jar:/Users/lipan/.m2/repository/javax/annotation/javax.annotation-api/1.3.2/javax.annotation-api-1.3.2.jar:/Users/lipan/.m2/repository/org/springframework/spring-core/5.1.10.RELEASE/spring-core-5.1.10.RELEASE.jar:/Users/lipan/.m2/repository/org/springframework/spring-jcl/5.1.10.RELEASE/spring-jcl-5.1.10.RELEASE.jar:/Users/lipan/.m2/repository/org/yaml/snakeyaml/1.23/snakeyaml-1.23.jar:/Users/lipan/.m2/repository/org/springframework/boot/spring-boot-starter-log4j2/2.1.9.RELEASE/spring-boot-starter-log4j2-2.1.9.RELEASE.jar:/Users/lipan/.m2/repository/org/apache/logging/log4j/log4j-slf4j-impl/2.11.2/log4j-slf4j-impl-2.11.2.jar:/Users/lipan/.m2/repository/org/slf4j/slf4j-api/1.7.28/slf4j-api-1.7.28.jar:/Users/lipan/.m2/repository/org/apache/logging/log4j/log4j-api/2.11.2/log4j-api-2.11.2.jar:/Users/lipan/.m2/repository/org/apache/logging/log4j/log4j-core/2.11.2/log4j-core-2.11.2.jar:/Users/lipan/.m2/repository/org/apache/logging/log4j/log4j-jul/2.11.2/log4j-jul-2.11.2.jar:/Users/lipan/.m2/repository/org/slf4j/jul-to-slf4j/1.7.28/jul-to-slf4j-1.7.28.jar:/Users/lipan/.m2/repository/org/springframework/boot/spring-boot-starter-web/2.1.9.RELEASE/spring-boot-starter-web-2.1.9.RELEASE.jar:/Users/lipan/.m2/repository/org/springframework/boot/spring-boot-starter-json/2.1.9.RELEASE/spring-boot-starter-json-2.1.9.RELEASE.jar:/Users/lipan/.m2/repository/com/fasterxml/jackson/datatype/jackson-datatype-jdk8/2.9.9/jackson-datatype-jdk8-2.9.9.jar:/Users/lipan/.m2/repository/com/fasterxml/jackson/datatype/jackson-datatype-jsr310/2.9.9/jackson-datatype-jsr310-2.9.9.jar:/Users/lipan/.m2/repository/com/fasterxml/jackson/module/jackson-module-parameter-names/2.9.9/jackson-module-parameter-names-2.9.9.jar:/Users/lipan/.m2/repository/org/hibernate/validator/hibernate-validator/6.0.17.Final/hibernate-validator-6.0.17.Final.jar:/Users/lipan/.m2/repository/javax/validation/validation-api/2.0.1.Final/validation-api-2.0.1.Final.jar:/Users/lipan/.m2/repository/org/jboss/logging/jboss-logging/3.3.3.Final/jboss-logging-3.3.3.Final.jar:/Users/lipan/.m2/repository/com/fasterxml/classmate/1.4.0/classmate-1.4.0.jar:/Users/lipan/.m2/repository/org/springframework/spring-web/5.1.10.RELEASE/spring-web-5.1.10.RELEASE.jar:/Users/lipan/.m2/repository/org/springframework/spring-beans/5.1.10.RELEASE/spring-beans-5.1.10.RELEASE.jar:/Users/lipan/.m2/repository/org/springframework/spring-webmvc/5.1.10.RELEASE/spring-webmvc-5.1.10.RELEASE.jar:/Users/lipan/.m2/repository/org/springframework/spring-expression/5.1.10.RELEASE/spring-expression-5.1.10.RELEASE.jar:/Users/lipan/.m2/repository/org/mybatis/spring/boot/mybatis-spring-boot-starter/2.1.0/mybatis-spring-boot-starter-2.1.0.jar:/Users/lipan/.m2/repository/org/springframework/boot/spring-boot-starter-jdbc/2.1.9.RELEASE/spring-boot-starter-jdbc-2.1.9.RELEASE.jar:/Users/lipan/.m2/repository/com/zaxxer/HikariCP/3.2.0/HikariCP-3.2.0.jar:/Users/lipan/.m2/repository/org/springframework/spring-jdbc/5.1.10.RELEASE/spring-jdbc-5.1.10.RELEASE.jar:/Users/lipan/.m2/repository/org/springframework/spring-tx/5.1.10.RELEASE/spring-tx-5.1.10.RELEASE.jar:/Users/lipan/.m2/repository/org/mybatis/spring/boot/mybatis-spring-boot-autoconfigure/2.1.0/mybatis-spring-boot-autoconfigure-2.1.0.jar:/Users/lipan/.m2/repository/org/mybatis/mybatis/3.5.2/mybatis-3.5.2.jar:/Users/lipan/.m2/repository/org/mybatis/mybatis-spring/2.0.2/mybatis-spring-2.0.2.jar:/Users/lipan/.m2/repository/org/springframework/boot/spring-boot-devtools/2.1.9.RELEASE/spring-boot-devtools-2.1.9.RELEASE.jar:/Users/lipan/.m2/repository/mysql/mysql-connector-java/5.1.34/mysql-connector-java-5.1.34.jar:/Users/lipan/.m2/repository/org/springframework/boot/spring-boot-starter-tomcat/2.1.9.RELEASE/spring-boot-starter-tomcat-2.1.9.RELEASE.jar:/Users/lipan/.m2/repository/org/apache/tomcat/embed/tomcat-embed-core/9.0.26/tomcat-embed-core-9.0.26.jar:/Users/lipan/.m2/repository/org/apache/tomcat/embed/tomcat-embed-el/9.0.26/tomcat-embed-el-9.0.26.jar:/Users/lipan/.m2/repository/org/apache/tomcat/embed/tomcat-embed-websocket/9.0.26/tomcat-embed-websocket-9.0.26.jar:/Users/lipan/.m2/repository/org/springframework/boot/spring-boot-starter-test/2.1.9.RELEASE/spring-boot-starter-test-2.1.9.RELEASE.jar:/Users/lipan/.m2/repository/org/springframework/boot/spring-boot-test/2.1.9.RELEASE/spring-boot-test-2.1.9.RELEASE.jar:/Users/lipan/.m2/repository/org/springframework/boot/spring-boot-test-autoconfigure/2.1.9.RELEASE/spring-boot-test-autoconfigure-2.1.9.RELEASE.jar:/Users/lipan/.m2/repository/com/jayway/jsonpath/json-path/2.4.0/json-path-2.4.0.jar:/Users/lipan/.m2/repository/net/minidev/json-smart/2.3/json-smart-2.3.jar:/Users/lipan/.m2/repository/net/minidev/accessors-smart/1.2/accessors-smart-1.2.jar:/Users/lipan/.m2/repository/org/ow2/asm/asm/5.0.4/asm-5.0.4.jar:/Users/lipan/.m2/repository/junit/junit/4.12/junit-4.12.jar:/Users/lipan/.m2/repository/org/assertj/assertj-core/3.11.1/assertj-core-3.11.1.jar:/Users/lipan/.m2/repository/org/mockito/mockito-core/2.23.4/mockito-core-2.23.4.jar:/Users/lipan/.m2/repository/net/bytebuddy/byte-buddy/1.9.16/byte-buddy-1.9.16.jar:/Users/lipan/.m2/repository/net/bytebuddy/byte-buddy-agent/1.9.16/byte-buddy-agent-1.9.16.jar:/Users/lipan/.m2/repository/org/objenesis/objenesis/2.6/objenesis-2.6.jar:/Users/lipan/.m2/repository/org/hamcrest/hamcrest-core/1.3/hamcrest-core-1.3.jar:/Users/lipan/.m2/repository/org/hamcrest/hamcrest-library/1.3/hamcrest-library-1.3.jar:/Users/lipan/.m2/repository/org/skyscreamer/jsonassert/1.5.0/jsonassert-1.5.0.jar:/Users/lipan/.m2/repository/com/vaadin/external/google/android-json/0.0.20131108.vaadin1/android-json-0.0.20131108.vaadin1.jar:/Users/lipan/.m2/repository/org/springframework/spring-test/5.1.10.RELEASE/spring-test-5.1.10.RELEASE.jar:/Users/lipan/.m2/repository/org/xmlunit/xmlunit-core/2.6.3/xmlunit-core-2.6.3.jar:/Users/lipan/.m2/repository/org/projectlombok/lombok/1.16.10/lombok-1.16.10.jar:/Users/lipan/.m2/repository/org/springframework/boot/spring-boot-starter-aop/2.1.9.RELEASE/spring-boot-starter-aop-2.1.9.RELEASE.jar:/Users/lipan/.m2/repository/org/springframework/spring-aop/5.1.10.RELEASE/spring-aop-5.1.10.RELEASE.jar:/Users/lipan/.m2/repository/org/aspectj/aspectjweaver/1.9.4/aspectjweaver-1.9.4.jar:/Users/lipan/.m2/repository/org/apache/shiro/shiro-spring/1.4.0/shiro-spring-1.4.0.jar:/Users/lipan/.m2/repository/org/apache/shiro/shiro-core/1.4.0/shiro-core-1.4.0.jar:/Users/lipan/.m2/repository/org/apache/shiro/shiro-lang/1.4.0/shiro-lang-1.4.0.jar:/Users/lipan/.m2/repository/org/apache/shiro/shiro-cache/1.4.0/shiro-cache-1.4.0.jar:/Users/lipan/.m2/repository/org/apache/shiro/shiro-crypto-hash/1.4.0/shiro-crypto-hash-1.4.0.jar:/Users/lipan/.m2/repository/org/apache/shiro/shiro-crypto-core/1.4.0/shiro-crypto-core-1.4.0.jar:/Users/lipan/.m2/repository/org/apache/shiro/shiro-crypto-cipher/1.4.0/shiro-crypto-cipher-1.4.0.jar:/Users/lipan/.m2/repository/org/apache/shiro/shiro-config-core/1.4.0/shiro-config-core-1.4.0.jar:/Users/lipan/.m2/repository/org/apache/shiro/shiro-config-ogdl/1.4.0/shiro-config-ogdl-1.4.0.jar:/Users/lipan/.m2/repository/commons-beanutils/commons-beanutils/1.9.3/commons-beanutils-1.9.3.jar:/Users/lipan/.m2/repository/commons-collections/commons-collections/3.2.2/commons-collections-3.2.2.jar:/Users/lipan/.m2/repository/org/apache/shiro/shiro-event/1.4.0/shiro-event-1.4.0.jar:/Users/lipan/.m2/repository/org/apache/shiro/shiro-web/1.4.0/shiro-web-1.4.0.jar:/Users/lipan/.m2/repository/com/auth0/java-jwt/3.3.0/java-jwt-3.3.0.jar:/Users/lipan/.m2/repository/com/fasterxml/jackson/core/jackson-databind/2.9.9.3/jackson-databind-2.9.9.3.jar:/Users/lipan/.m2/repository/com/fasterxml/jackson/core/jackson-annotations/2.9.0/jackson-annotations-2.9.0.jar:/Users/lipan/.m2/repository/com/fasterxml/jackson/core/jackson-core/2.9.9/jackson-core-2.9.9.jar:/Users/lipan/.m2/repository/commons-codec/commons-codec/1.11/commons-codec-1.11.jar:/Users/lipan/.m2/repository/io/jsonwebtoken/jjwt/0.7.0/jjwt-0.7.0.jar:/Users/lipan/.m2/repository/com/alibaba/fastjson/1.2.56/fastjson-1.2.56.jar:/Users/lipan/.m2/repository/org/bouncycastle/bcprov-jdk15on/1.55/bcprov-jdk15on-1.55.jar:"/>
    <property name="java.vm.vendor" value="Oracle Corporation"/>
    <property name="sun.arch.data.model" value="64"/>
    <property name="java.vendor.url" value="http://java.oracle.com/"/>
    <property name="user.timezone" value=""/>
    <property name="java.vm.specification.version" value="1.8"/>
    <property name="os.name" value="Mac OS X"/>
    <property name="user.country" value="CN"/>
    <property name="sun.java.launcher" value="SUN_STANDARD"/>
    <property name="sun.boot.library.path" value="/Library/Java/JavaVirtualMachines/jdk1.8.0_201.jdk/Contents/Home/jre/lib"/>
    <property name="sun.java.command" value="/Users/lipan/Downloads/szsmilejava-xht 2/xht/BankCounterOperator/target/surefire/surefirebooter6831261939519545439.jar /Users/lipan/Downloads/szsmilejava-xht 2/xht/BankCounterOperator/target/surefire 2020-03-02T16-23-00_169-jvmRun1 surefire7697506408235821565tmp surefire_06126196251959633909tmp"/>
    <property name="surefire.test.class.path" value="/Users/lipan/Downloads/szsmilejava-xht 2/xht/BankCounterOperator/target/test-classes:/Users/lipan/Downloads/szsmilejava-xht 2/xht/BankCounterOperator/target/classes:/Users/lipan/.m2/repository/org/springframework/boot/spring-boot-starter/2.1.9.RELEASE/spring-boot-starter-2.1.9.RELEASE.jar:/Users/lipan/.m2/repository/org/springframework/boot/spring-boot/2.1.9.RELEASE/spring-boot-2.1.9.RELEASE.jar:/Users/lipan/.m2/repository/org/springframework/spring-context/5.1.10.RELEASE/spring-context-5.1.10.RELEASE.jar:/Users/lipan/.m2/repository/org/springframework/boot/spring-boot-autoconfigure/2.1.9.RELEASE/spring-boot-autoconfigure-2.1.9.RELEASE.jar:/Users/lipan/.m2/repository/javax/annotation/javax.annotation-api/1.3.2/javax.annotation-api-1.3.2.jar:/Users/lipan/.m2/repository/org/springframework/spring-core/5.1.10.RELEASE/spring-core-5.1.10.RELEASE.jar:/Users/lipan/.m2/repository/org/springframework/spring-jcl/5.1.10.RELEASE/spring-jcl-5.1.10.RELEASE.jar:/Users/lipan/.m2/repository/org/yaml/snakeyaml/1.23/snakeyaml-1.23.jar:/Users/lipan/.m2/repository/org/springframework/boot/spring-boot-starter-log4j2/2.1.9.RELEASE/spring-boot-starter-log4j2-2.1.9.RELEASE.jar:/Users/lipan/.m2/repository/org/apache/logging/log4j/log4j-slf4j-impl/2.11.2/log4j-slf4j-impl-2.11.2.jar:/Users/lipan/.m2/repository/org/slf4j/slf4j-api/1.7.28/slf4j-api-1.7.28.jar:/Users/lipan/.m2/repository/org/apache/logging/log4j/log4j-api/2.11.2/log4j-api-2.11.2.jar:/Users/lipan/.m2/repository/org/apache/logging/log4j/log4j-core/2.11.2/log4j-core-2.11.2.jar:/Users/lipan/.m2/repository/org/apache/logging/log4j/log4j-jul/2.11.2/log4j-jul-2.11.2.jar:/Users/lipan/.m2/repository/org/slf4j/jul-to-slf4j/1.7.28/jul-to-slf4j-1.7.28.jar:/Users/lipan/.m2/repository/org/springframework/boot/spring-boot-starter-web/2.1.9.RELEASE/spring-boot-starter-web-2.1.9.RELEASE.jar:/Users/lipan/.m2/repository/org/springframework/boot/spring-boot-starter-json/2.1.9.RELEASE/spring-boot-starter-json-2.1.9.RELEASE.jar:/Users/lipan/.m2/repository/com/fasterxml/jackson/datatype/jackson-datatype-jdk8/2.9.9/jackson-datatype-jdk8-2.9.9.jar:/Users/lipan/.m2/repository/com/fasterxml/jackson/datatype/jackson-datatype-jsr310/2.9.9/jackson-datatype-jsr310-2.9.9.jar:/Users/lipan/.m2/repository/com/fasterxml/jackson/module/jackson-module-parameter-names/2.9.9/jackson-module-parameter-names-2.9.9.jar:/Users/lipan/.m2/repository/org/hibernate/validator/hibernate-validator/6.0.17.Final/hibernate-validator-6.0.17.Final.jar:/Users/lipan/.m2/repository/javax/validation/validation-api/2.0.1.Final/validation-api-2.0.1.Final.jar:/Users/lipan/.m2/repository/org/jboss/logging/jboss-logging/3.3.3.Final/jboss-logging-3.3.3.Final.jar:/Users/lipan/.m2/repository/com/fasterxml/classmate/1.4.0/classmate-1.4.0.jar:/Users/lipan/.m2/repository/org/springframework/spring-web/5.1.10.RELEASE/spring-web-5.1.10.RELEASE.jar:/Users/lipan/.m2/repository/org/springframework/spring-beans/5.1.10.RELEASE/spring-beans-5.1.10.RELEASE.jar:/Users/lipan/.m2/repository/org/springframework/spring-webmvc/5.1.10.RELEASE/spring-webmvc-5.1.10.RELEASE.jar:/Users/lipan/.m2/repository/org/springframework/spring-expression/5.1.10.RELEASE/spring-expression-5.1.10.RELEASE.jar:/Users/lipan/.m2/repository/org/mybatis/spring/boot/mybatis-spring-boot-starter/2.1.0/mybatis-spring-boot-starter-2.1.0.jar:/Users/lipan/.m2/repository/org/springframework/boot/spring-boot-starter-jdbc/2.1.9.RELEASE/spring-boot-starter-jdbc-2.1.9.RELEASE.jar:/Users/lipan/.m2/repository/com/zaxxer/HikariCP/3.2.0/HikariCP-3.2.0.jar:/Users/lipan/.m2/repository/org/springframework/spring-jdbc/5.1.10.RELEASE/spring-jdbc-5.1.10.RELEASE.jar:/Users/lipan/.m2/repository/org/springframework/spring-tx/5.1.10.RELEASE/spring-tx-5.1.10.RELEASE.jar:/Users/lipan/.m2/repository/org/mybatis/spring/boot/mybatis-spring-boot-autoconfigure/2.1.0/mybatis-spring-boot-autoconfigure-2.1.0.jar:/Users/lipan/.m2/repository/org/mybatis/mybatis/3.5.2/mybatis-3.5.2.jar:/Users/lipan/.m2/repository/org/mybatis/mybatis-spring/2.0.2/mybatis-spring-2.0.2.jar:/Users/lipan/.m2/repository/org/springframework/boot/spring-boot-devtools/2.1.9.RELEASE/spring-boot-devtools-2.1.9.RELEASE.jar:/Users/lipan/.m2/repository/mysql/mysql-connector-java/5.1.34/mysql-connector-java-5.1.34.jar:/Users/lipan/.m2/repository/org/springframework/boot/spring-boot-starter-tomcat/2.1.9.RELEASE/spring-boot-starter-tomcat-2.1.9.RELEASE.jar:/Users/lipan/.m2/repository/org/apache/tomcat/embed/tomcat-embed-core/9.0.26/tomcat-embed-core-9.0.26.jar:/Users/lipan/.m2/repository/org/apache/tomcat/embed/tomcat-embed-el/9.0.26/tomcat-embed-el-9.0.26.jar:/Users/lipan/.m2/repository/org/apache/tomcat/embed/tomcat-embed-websocket/9.0.26/tomcat-embed-websocket-9.0.26.jar:/Users/lipan/.m2/repository/org/springframework/boot/spring-boot-starter-test/2.1.9.RELEASE/spring-boot-starter-test-2.1.9.RELEASE.jar:/Users/lipan/.m2/repository/org/springframework/boot/spring-boot-test/2.1.9.RELEASE/spring-boot-test-2.1.9.RELEASE.jar:/Users/lipan/.m2/repository/org/springframework/boot/spring-boot-test-autoconfigure/2.1.9.RELEASE/spring-boot-test-autoconfigure-2.1.9.RELEASE.jar:/Users/lipan/.m2/repository/com/jayway/jsonpath/json-path/2.4.0/json-path-2.4.0.jar:/Users/lipan/.m2/repository/net/minidev/json-smart/2.3/json-smart-2.3.jar:/Users/lipan/.m2/repository/net/minidev/accessors-smart/1.2/accessors-smart-1.2.jar:/Users/lipan/.m2/repository/org/ow2/asm/asm/5.0.4/asm-5.0.4.jar:/Users/lipan/.m2/repository/junit/junit/4.12/junit-4.12.jar:/Users/lipan/.m2/repository/org/assertj/assertj-core/3.11.1/assertj-core-3.11.1.jar:/Users/lipan/.m2/repository/org/mockito/mockito-core/2.23.4/mockito-core-2.23.4.jar:/Users/lipan/.m2/repository/net/bytebuddy/byte-buddy/1.9.16/byte-buddy-1.9.16.jar:/Users/lipan/.m2/repository/net/bytebuddy/byte-buddy-agent/1.9.16/byte-buddy-agent-1.9.16.jar:/Users/lipan/.m2/repository/org/objenesis/objenesis/2.6/objenesis-2.6.jar:/Users/lipan/.m2/repository/org/hamcrest/hamcrest-core/1.3/hamcrest-core-1.3.jar:/Users/lipan/.m2/repository/org/hamcrest/hamcrest-library/1.3/hamcrest-library-1.3.jar:/Users/lipan/.m2/repository/org/skyscreamer/jsonassert/1.5.0/jsonassert-1.5.0.jar:/Users/lipan/.m2/repository/com/vaadin/external/google/android-json/0.0.20131108.vaadin1/android-json-0.0.20131108.vaadin1.jar:/Users/lipan/.m2/repository/org/springframework/spring-test/5.1.10.RELEASE/spring-test-5.1.10.RELEASE.jar:/Users/lipan/.m2/repository/org/xmlunit/xmlunit-core/2.6.3/xmlunit-core-2.6.3.jar:/Users/lipan/.m2/repository/org/projectlombok/lombok/1.16.10/lombok-1.16.10.jar:/Users/lipan/.m2/repository/org/springframework/boot/spring-boot-starter-aop/2.1.9.RELEASE/spring-boot-starter-aop-2.1.9.RELEASE.jar:/Users/lipan/.m2/repository/org/springframework/spring-aop/5.1.10.RELEASE/spring-aop-5.1.10.RELEASE.jar:/Users/lipan/.m2/repository/org/aspectj/aspectjweaver/1.9.4/aspectjweaver-1.9.4.jar:/Users/lipan/.m2/repository/org/apache/shiro/shiro-spring/1.4.0/shiro-spring-1.4.0.jar:/Users/lipan/.m2/repository/org/apache/shiro/shiro-core/1.4.0/shiro-core-1.4.0.jar:/Users/lipan/.m2/repository/org/apache/shiro/shiro-lang/1.4.0/shiro-lang-1.4.0.jar:/Users/lipan/.m2/repository/org/apache/shiro/shiro-cache/1.4.0/shiro-cache-1.4.0.jar:/Users/lipan/.m2/repository/org/apache/shiro/shiro-crypto-hash/1.4.0/shiro-crypto-hash-1.4.0.jar:/Users/lipan/.m2/repository/org/apache/shiro/shiro-crypto-core/1.4.0/shiro-crypto-core-1.4.0.jar:/Users/lipan/.m2/repository/org/apache/shiro/shiro-crypto-cipher/1.4.0/shiro-crypto-cipher-1.4.0.jar:/Users/lipan/.m2/repository/org/apache/shiro/shiro-config-core/1.4.0/shiro-config-core-1.4.0.jar:/Users/lipan/.m2/repository/org/apache/shiro/shiro-config-ogdl/1.4.0/shiro-config-ogdl-1.4.0.jar:/Users/lipan/.m2/repository/commons-beanutils/commons-beanutils/1.9.3/commons-beanutils-1.9.3.jar:/Users/lipan/.m2/repository/commons-collections/commons-collections/3.2.2/commons-collections-3.2.2.jar:/Users/lipan/.m2/repository/org/apache/shiro/shiro-event/1.4.0/shiro-event-1.4.0.jar:/Users/lipan/.m2/repository/org/apache/shiro/shiro-web/1.4.0/shiro-web-1.4.0.jar:/Users/lipan/.m2/repository/com/auth0/java-jwt/3.3.0/java-jwt-3.3.0.jar:/Users/lipan/.m2/repository/com/fasterxml/jackson/core/jackson-databind/2.9.9.3/jackson-databind-2.9.9.3.jar:/Users/lipan/.m2/repository/com/fasterxml/jackson/core/jackson-annotations/2.9.0/jackson-annotations-2.9.0.jar:/Users/lipan/.m2/repository/com/fasterxml/jackson/core/jackson-core/2.9.9/jackson-core-2.9.9.jar:/Users/lipan/.m2/repository/commons-codec/commons-codec/1.11/commons-codec-1.11.jar:/Users/lipan/.m2/repository/io/jsonwebtoken/jjwt/0.7.0/jjwt-0.7.0.jar:/Users/lipan/.m2/repository/com/alibaba/fastjson/1.2.56/fastjson-1.2.56.jar:/Users/lipan/.m2/repository/org/bouncycastle/bcprov-jdk15on/1.55/bcprov-jdk15on-1.55.jar:"/>
    <property name="sun.cpu.endian" value="little"/>
    <property name="user.home" value="/Users/lipan"/>
    <property name="user.language" value="zh"/>
    <property name="java.specification.vendor" value="Oracle Corporation"/>
    <property name="java.home" value="/Library/Java/JavaVirtualMachines/jdk1.8.0_201.jdk/Contents/Home/jre"/>
    <property name="basedir" value="/Users/lipan/Downloads/szsmilejava-xht 2/xht/BankCounterOperator"/>
    <property name="file.separator" value="/"/>
    <property name="line.separator" value="&#10;"/>
    <property name="java.vm.specification.vendor" value="Oracle Corporation"/>
    <property name="java.specification.name" value="Java Platform API Specification"/>
    <property name="java.awt.graphicsenv" value="sun.awt.CGraphicsEnvironment"/>
    <property name="surefire.real.class.path" value="/Users/lipan/Downloads/szsmilejava-xht 2/xht/BankCounterOperator/target/surefire/surefirebooter6831261939519545439.jar"/>
    <property name="sun.boot.class.path" value="/Library/Java/JavaVirtualMachines/jdk1.8.0_201.jdk/Contents/Home/jre/lib/resources.jar:/Library/Java/JavaVirtualMachines/jdk1.8.0_201.jdk/Contents/Home/jre/lib/rt.jar:/Library/Java/JavaVirtualMachines/jdk1.8.0_201.jdk/Contents/Home/jre/lib/sunrsasign.jar:/Library/Java/JavaVirtualMachines/jdk1.8.0_201.jdk/Contents/Home/jre/lib/jsse.jar:/Library/Java/JavaVirtualMachines/jdk1.8.0_201.jdk/Contents/Home/jre/lib/jce.jar:/Library/Java/JavaVirtualMachines/jdk1.8.0_201.jdk/Contents/Home/jre/lib/charsets.jar:/Library/Java/JavaVirtualMachines/jdk1.8.0_201.jdk/Contents/Home/jre/lib/jfr.jar:/Library/Java/JavaVirtualMachines/jdk1.8.0_201.jdk/Contents/Home/jre/classes"/>
    <property name="sun.management.compiler" value="HotSpot 64-Bit Tiered Compilers"/>
    <property name="java.runtime.version" value="1.8.0_201-b09"/>
    <property name="user.name" value="lipan"/>
    <property name="path.separator" value=":"/>
    <property name="os.version" value="10.15.2"/>
    <property name="java.endorsed.dirs" value="/Library/Java/JavaVirtualMachines/jdk1.8.0_201.jdk/Contents/Home/jre/lib/endorsed"/>
    <property name="java.runtime.name" value="Java(TM) SE Runtime Environment"/>
    <property name="file.encoding" value="UTF-8"/>
    <property name="java.vm.name" value="Java HotSpot(TM) 64-Bit Server VM"/>
    <property name="localRepository" value="/Users/lipan/.m2/repository"/>
    <property name="java.vendor.url.bug" value="http://bugreport.sun.com/bugreport/"/>
    <property name="java.io.tmpdir" value="/var/folders/qv/4whtt_sd48xb4v5c7zt1ll0h0000gn/T/"/>
    <property name="java.version" value="1.8.0_201"/>
    <property name="user.dir" value="/Users/lipan/Downloads/szsmilejava-xht 2/xht/BankCounterOperator"/>
    <property name="os.arch" value="x86_64"/>
    <property name="java.vm.specification.name" value="Java Virtual Machine Specification"/>
    <property name="java.awt.printerjob" value="sun.lwawt.macosx.CPrinterJob"/>
    <property name="sun.os.patch.level" value="unknown"/>
    <property name="java.library.path" value="/Users/lipan/Library/Java/Extensions:/Library/Java/Extensions:/Network/Library/Java/Extensions:/System/Library/Java/Extensions:/usr/lib/java:."/>
    <property name="java.vm.info" value="mixed mode"/>
    <property name="java.vendor" value="Oracle Corporation"/>
    <property name="java.vm.version" value="25.201-b09"/>
    <property name="java.ext.dirs" value="/Users/lipan/Library/Java/Extensions:/Library/Java/JavaVirtualMachines/jdk1.8.0_201.jdk/Contents/Home/jre/lib/ext:/Library/Java/Extensions:/Network/Library/Java/Extensions:/System/Library/Java/Extensions:/usr/lib/java"/>
    <property name="sun.io.unicode.encoding" value="UnicodeBig"/>
    <property name="java.class.version" value="52.0"/>
  </properties>
  <testcase name="contextLoads" classname="com.ll.main.BankCounterOperatorApplicationTests" time="0.002">
    <error message="Failed to load ApplicationContext" type="java.lang.IllegalStateException">java.lang.IllegalStateException: Failed to load ApplicationContext
Caused by: org.springframework.beans.factory.BeanCreationException: Error creating bean with name 'orderController' defined in file [/Users/lipan/Downloads/szsmilejava-xht 2/xht/BankCounterOperator/target/classes/com/ll/web/OrderController.class]: Instantiation of bean failed; nested exception is java.lang.ExceptionInInitializerError
Caused by: java.lang.ExceptionInInitializerError
Caused by: java.lang.NullPointerException
</error>
    <system-out><![CDATA[2020-03-02 16:23:03,371 main DEBUG Apache Log4j Core 2.11.2 initializing configuration XmlConfiguration[location=/Users/lipan/Downloads/szsmilejava-xht 2/xht/BankCounterOperator/target/classes/log4j2.xml]
2020-03-02 16:23:03,376 main DEBUG Installed 1 script engine
2020-03-02 16:23:03,670 main DEBUG Oracle Nashorn version: 1.8.0_201, language: ECMAScript, threading: Not Thread Safe, compile: true, names: [nashorn, Nashorn, js, JS, JavaScript, javascript, ECMAScript, ecmascript], factory class: jdk.nashorn.api.scripting.NashornScriptEngineFactory
2020-03-02 16:23:03,670 main DEBUG PluginManager 'Core' found 117 plugins
2020-03-02 16:23:03,671 main DEBUG PluginManager 'Level' found 0 plugins
2020-03-02 16:23:03,676 main DEBUG PluginManager 'Lookup' found 13 plugins
2020-03-02 16:23:03,677 main DEBUG Building Plugin[name=layout, class=org.apache.logging.log4j.core.layout.PatternLayout].
2020-03-02 16:23:03,686 main DEBUG PluginManager 'TypeConverter' found 26 plugins
2020-03-02 16:23:03,699 main DEBUG PatternLayout$Builder(pattern="[%d{HH:mm:ss:SSS}] [%p] - %l - %m%n", PatternSelector=null, Configuration(/Users/lipan/Downloads/szsmilejava-xht 2/xht/BankCounterOperator/target/classes/log4j2.xml), Replace=null, charset="null", alwaysWriteExceptions="null", disableAnsi="null", noConsoleNoAnsi="null", header="null", footer="null")
2020-03-02 16:23:03,700 main DEBUG PluginManager 'Converter' found 47 plugins
2020-03-02 16:23:03,711 main DEBUG Building Plugin[name=appender, class=org.apache.logging.log4j.core.appender.ConsoleAppender].
2020-03-02 16:23:03,719 main DEBUG ConsoleAppender$Builder(target="SYSTEM_OUT", follow="null", direct="null", bufferedIo="null", bufferSize="null", immediateFlush="null", ignoreExceptions="null", PatternLayout([%d{HH:mm:ss:SSS}] [%p] - %l - %m%n), name="Console", Configuration(/Users/lipan/Downloads/szsmilejava-xht 2/xht/BankCounterOperator/target/classes/log4j2.xml), Filter=null, ={})
2020-03-02 16:23:03,721 main DEBUG Starting OutputStreamManager SYSTEM_OUT.false.false
2020-03-02 16:23:03,731 main DEBUG Building Plugin[name=layout, class=org.apache.logging.log4j.core.layout.PatternLayout].
2020-03-02 16:23:03,733 main DEBUG PatternLayout$Builder(pattern="%d{HH:mm:ss.SSS} %-5level %class{36} %L %M - %msg%xEx%n", PatternSelector=null, Configuration(/Users/lipan/Downloads/szsmilejava-xht 2/xht/BankCounterOperator/target/classes/log4j2.xml), Replace=null, charset="null", alwaysWriteExceptions="null", disableAnsi="null", noConsoleNoAnsi="null", header="null", footer="null")
2020-03-02 16:23:03,739 main DEBUG Building Plugin[name=appender, class=org.apache.logging.log4j.core.appender.FileAppender].
2020-03-02 16:23:03,743 main DEBUG FileAppender$Builder(fileName="d:/logs/test.log", append="false", locking="null", advertise="null", advertiseUri="null", createOnDemand="null", filePermissions="null", fileOwner="null", fileGroup="null", bufferedIo="null", bufferSize="null", immediateFlush="null", ignoreExceptions="null", PatternLayout(%d{HH:mm:ss.SSS} %-5level %class{36} %L %M - %msg%xEx%n), name="log", Configuration(/Users/lipan/Downloads/szsmilejava-xht 2/xht/BankCounterOperator/target/classes/log4j2.xml), Filter=null, ={})
2020-03-02 16:23:03,759 main DEBUG Starting FileManager d:/logs/test.log
2020-03-02 16:23:03,768 main DEBUG Building Plugin[name=filter, class=org.apache.logging.log4j.core.filter.ThresholdFilter].
2020-03-02 16:23:03,778 main DEBUG createFilter(level="INFO", onMatch="ACCEPT", onMismatch="DENY")
2020-03-02 16:23:03,778 main DEBUG Building Plugin[name=layout, class=org.apache.logging.log4j.core.layout.PatternLayout].
2020-03-02 16:23:03,789 main DEBUG PatternLayout$Builder(pattern="[%d{HH:mm:ss:SSS}] [%p] - %l - %m%n", PatternSelector=null, Configuration(/Users/lipan/Downloads/szsmilejava-xht 2/xht/BankCounterOperator/target/classes/log4j2.xml), Replace=null, charset="null", alwaysWriteExceptions="null", disableAnsi="null", noConsoleNoAnsi="null", header="null", footer="null")
2020-03-02 16:23:03,791 main DEBUG Building Plugin[name=TimeBasedTriggeringPolicy, class=org.apache.logging.log4j.core.appender.rolling.TimeBasedTriggeringPolicy].
2020-03-02 16:23:03,803 main DEBUG TimeBasedTriggeringPolicy$Builder(interval="null", modulate="null", maxRandomDelay="null")
2020-03-02 16:23:03,804 main DEBUG Building Plugin[name=SizeBasedTriggeringPolicy, class=org.apache.logging.log4j.core.appender.rolling.SizeBasedTriggeringPolicy].
2020-03-02 16:23:03,805 main DEBUG createPolicy(size="100 MB")
2020-03-02 16:23:03,807 main DEBUG Building Plugin[name=Policies, class=org.apache.logging.log4j.core.appender.rolling.CompositeTriggeringPolicy].
2020-03-02 16:23:03,808 main DEBUG createPolicy(={TimeBasedTriggeringPolicy(nextRolloverMillis=0, interval=1, modulate=false), SizeBasedTriggeringPolicy(size=104857600)})
2020-03-02 16:23:03,809 main DEBUG Building Plugin[name=appender, class=org.apache.logging.log4j.core.appender.RollingFileAppender].
2020-03-02 16:23:03,815 main DEBUG RollingFileAppender$Builder(fileName="D:/logs/info.log", filePattern="D:/logs/${date:yyyy-MM}/info-%d{yyyy-MM-dd}-%i.log", append="null", locking="null", Policies(CompositeTriggeringPolicy(policies=[TimeBasedTriggeringPolicy(nextRolloverMillis=0, interval=1, modulate=false), SizeBasedTriggeringPolicy(size=104857600)])), Strategy=null, advertise="null", advertiseUri="null", createOnDemand="null", filePermissions="null", fileOwner="null", fileGroup="null", bufferedIo="null", bufferSize="null", immediateFlush="null", ignoreExceptions="null", PatternLayout([%d{HH:mm:ss:SSS}] [%p] - %l - %m%n), name="RollingFileInfo", Configuration(/Users/lipan/Downloads/szsmilejava-xht 2/xht/BankCounterOperator/target/classes/log4j2.xml), ThresholdFilter(INFO), ={})
2020-03-02 16:23:03,832 main DEBUG Returning file creation time for /Users/lipan/Downloads/szsmilejava-xht 2/xht/BankCounterOperator/D:/logs/info.log
2020-03-02 16:23:03,832 main DEBUG Starting RollingFileManager D:/logs/info.log
2020-03-02 16:23:03,834 main DEBUG PluginManager 'FileConverter' found 2 plugins
2020-03-02 16:23:03,836 main DEBUG Setting prev file time to 2020-03-02T16:07:00.000+0800
2020-03-02 16:23:03,839 main DEBUG Initializing triggering policy CompositeTriggeringPolicy(policies=[TimeBasedTriggeringPolicy(nextRolloverMillis=0, interval=1, modulate=false), SizeBasedTriggeringPolicy(size=104857600)])
2020-03-02 16:23:03,840 main DEBUG Initializing triggering policy TimeBasedTriggeringPolicy(nextRolloverMillis=0, interval=1, modulate=false)
2020-03-02 16:23:03,842 main DEBUG Initializing triggering policy SizeBasedTriggeringPolicy(size=104857600)
2020-03-02 16:23:03,842 main DEBUG Building Plugin[name=filter, class=org.apache.logging.log4j.core.filter.ThresholdFilter].
2020-03-02 16:23:03,843 main DEBUG createFilter(level="WARN", onMatch="ACCEPT", onMismatch="DENY")
2020-03-02 16:23:03,844 main DEBUG Building Plugin[name=layout, class=org.apache.logging.log4j.core.layout.PatternLayout].
2020-03-02 16:23:03,844 main DEBUG PatternLayout$Builder(pattern="[%d{HH:mm:ss:SSS}] [%p] - %l - %m%n", PatternSelector=null, Configuration(/Users/lipan/Downloads/szsmilejava-xht 2/xht/BankCounterOperator/target/classes/log4j2.xml), Replace=null, charset="null", alwaysWriteExceptions="null", disableAnsi="null", noConsoleNoAnsi="null", header="null", footer="null")
2020-03-02 16:23:03,845 main DEBUG Building Plugin[name=TimeBasedTriggeringPolicy, class=org.apache.logging.log4j.core.appender.rolling.TimeBasedTriggeringPolicy].
2020-03-02 16:23:03,846 main DEBUG TimeBasedTriggeringPolicy$Builder(interval="null", modulate="null", maxRandomDelay="null")
2020-03-02 16:23:03,847 main DEBUG Building Plugin[name=SizeBasedTriggeringPolicy, class=org.apache.logging.log4j.core.appender.rolling.SizeBasedTriggeringPolicy].
2020-03-02 16:23:03,848 main DEBUG createPolicy(size="100 MB")
2020-03-02 16:23:03,848 main DEBUG Building Plugin[name=Policies, class=org.apache.logging.log4j.core.appender.rolling.CompositeTriggeringPolicy].
2020-03-02 16:23:03,849 main DEBUG createPolicy(={TimeBasedTriggeringPolicy(nextRolloverMillis=0, interval=1, modulate=false), SizeBasedTriggeringPolicy(size=104857600)})
2020-03-02 16:23:03,850 main DEBUG Building Plugin[name=DefaultRolloverStrategy, class=org.apache.logging.log4j.core.appender.rolling.DefaultRolloverStrategy].
2020-03-02 16:23:03,852 main DEBUG DefaultRolloverStrategy$Builder(max="20", min="null", fileIndex="null", compressionLevel="null", ={}, stopCustomActionsOnError="null", tempCompressedFilePattern="null", Configuration(/Users/lipan/Downloads/szsmilejava-xht 2/xht/BankCounterOperator/target/classes/log4j2.xml))
2020-03-02 16:23:03,853 main DEBUG Building Plugin[name=appender, class=org.apache.logging.log4j.core.appender.RollingFileAppender].
2020-03-02 16:23:03,854 main DEBUG RollingFileAppender$Builder(fileName="D:/logs/warn.log", filePattern="D:/logs/${date:yyyy-MM}/warn-%d{yyyy-MM-dd}-%i.log", append="null", locking="null", Policies(CompositeTriggeringPolicy(policies=[TimeBasedTriggeringPolicy(nextRolloverMillis=0, interval=1, modulate=false), SizeBasedTriggeringPolicy(size=104857600)])), DefaultRolloverStrategy(DefaultRolloverStrategy(min=1, max=20, useMax=true)), advertise="null", advertiseUri="null", createOnDemand="null", filePermissions="null", fileOwner="null", fileGroup="null", bufferedIo="null", bufferSize="null", immediateFlush="null", ignoreExceptions="null", PatternLayout([%d{HH:mm:ss:SSS}] [%p] - %l - %m%n), name="RollingFileWarn", Configuration(/Users/lipan/Downloads/szsmilejava-xht 2/xht/BankCounterOperator/target/classes/log4j2.xml), ThresholdFilter(WARN), ={})
2020-03-02 16:23:03,856 main DEBUG Returning file creation time for /Users/lipan/Downloads/szsmilejava-xht 2/xht/BankCounterOperator/D:/logs/warn.log
2020-03-02 16:23:03,857 main DEBUG Starting RollingFileManager D:/logs/warn.log
2020-03-02 16:23:03,857 main DEBUG PluginManager 'FileConverter' found 2 plugins
2020-03-02 16:23:03,857 main DEBUG Setting prev file time to 2020-03-02T16:07:00.000+0800
2020-03-02 16:23:03,858 main DEBUG Initializing triggering policy CompositeTriggeringPolicy(policies=[TimeBasedTriggeringPolicy(nextRolloverMillis=0, interval=1, modulate=false), SizeBasedTriggeringPolicy(size=104857600)])
2020-03-02 16:23:03,858 main DEBUG Initializing triggering policy TimeBasedTriggeringPolicy(nextRolloverMillis=0, interval=1, modulate=false)
2020-03-02 16:23:03,859 main DEBUG Initializing triggering policy SizeBasedTriggeringPolicy(size=104857600)
2020-03-02 16:23:03,859 main DEBUG Building Plugin[name=filter, class=org.apache.logging.log4j.core.filter.ThresholdFilter].
2020-03-02 16:23:03,860 main DEBUG createFilter(level="ERROR", onMatch="ACCEPT", onMismatch="DENY")
2020-03-02 16:23:03,860 main DEBUG Building Plugin[name=layout, class=org.apache.logging.log4j.core.layout.PatternLayout].
2020-03-02 16:23:03,861 main DEBUG PatternLayout$Builder(pattern="[%d{HH:mm:ss:SSS}] [%p] - %l - %m%n", PatternSelector=null, Configuration(/Users/lipan/Downloads/szsmilejava-xht 2/xht/BankCounterOperator/target/classes/log4j2.xml), Replace=null, charset="null", alwaysWriteExceptions="null", disableAnsi="null", noConsoleNoAnsi="null", header="null", footer="null")
2020-03-02 16:23:03,863 main DEBUG Building Plugin[name=TimeBasedTriggeringPolicy, class=org.apache.logging.log4j.core.appender.rolling.TimeBasedTriggeringPolicy].
2020-03-02 16:23:03,863 main DEBUG TimeBasedTriggeringPolicy$Builder(interval="null", modulate="null", maxRandomDelay="null")
2020-03-02 16:23:03,864 main DEBUG Building Plugin[name=SizeBasedTriggeringPolicy, class=org.apache.logging.log4j.core.appender.rolling.SizeBasedTriggeringPolicy].
2020-03-02 16:23:03,864 main DEBUG createPolicy(size="100 MB")
2020-03-02 16:23:03,865 main DEBUG Building Plugin[name=Policies, class=org.apache.logging.log4j.core.appender.rolling.CompositeTriggeringPolicy].
2020-03-02 16:23:03,865 main DEBUG createPolicy(={TimeBasedTriggeringPolicy(nextRolloverMillis=0, interval=1, modulate=false), SizeBasedTriggeringPolicy(size=104857600)})
2020-03-02 16:23:03,865 main DEBUG Building Plugin[name=appender, class=org.apache.logging.log4j.core.appender.RollingFileAppender].
2020-03-02 16:23:03,866 main DEBUG RollingFileAppender$Builder(fileName="D:/logs/error.log", filePattern="D:/logs/${date:yyyy-MM}/error-%d{yyyy-MM-dd}-%i.log", append="null", locking="null", Policies(CompositeTriggeringPolicy(policies=[TimeBasedTriggeringPolicy(nextRolloverMillis=0, interval=1, modulate=false), SizeBasedTriggeringPolicy(size=104857600)])), Strategy=null, advertise="null", advertiseUri="null", createOnDemand="null", filePermissions="null", fileOwner="null", fileGroup="null", bufferedIo="null", bufferSize="null", immediateFlush="null", ignoreExceptions="null", PatternLayout([%d{HH:mm:ss:SSS}] [%p] - %l - %m%n), name="RollingFileError", Configuration(/Users/lipan/Downloads/szsmilejava-xht 2/xht/BankCounterOperator/target/classes/log4j2.xml), ThresholdFilter(ERROR), ={})
2020-03-02 16:23:03,867 main DEBUG Returning file creation time for /Users/lipan/Downloads/szsmilejava-xht 2/xht/BankCounterOperator/D:/logs/error.log
2020-03-02 16:23:03,867 main DEBUG Starting RollingFileManager D:/logs/error.log
2020-03-02 16:23:03,868 main DEBUG PluginManager 'FileConverter' found 2 plugins
2020-03-02 16:23:03,868 main DEBUG Setting prev file time to 2020-03-02T16:07:00.000+0800
2020-03-02 16:23:03,869 main DEBUG Initializing triggering policy CompositeTriggeringPolicy(policies=[TimeBasedTriggeringPolicy(nextRolloverMillis=0, interval=1, modulate=false), SizeBasedTriggeringPolicy(size=104857600)])
2020-03-02 16:23:03,869 main DEBUG Initializing triggering policy TimeBasedTriggeringPolicy(nextRolloverMillis=0, interval=1, modulate=false)
2020-03-02 16:23:03,870 main DEBUG Initializing triggering policy SizeBasedTriggeringPolicy(size=104857600)
2020-03-02 16:23:03,870 main DEBUG Building Plugin[name=appenders, class=org.apache.logging.log4j.core.config.AppendersPlugin].
2020-03-02 16:23:03,870 main DEBUG createAppenders(={Console, log, RollingFileInfo, RollingFileWarn, RollingFileError})
2020-03-02 16:23:03,871 main DEBUG Building Plugin[name=logger, class=org.apache.logging.log4j.core.config.LoggerConfig].
2020-03-02 16:23:03,873 main DEBUG createLogger(additivity="true", level="INFO", name="org.springframework", includeLocation="null", ={}, ={}, Configuration(/Users/lipan/Downloads/szsmilejava-xht 2/xht/BankCounterOperator/target/classes/log4j2.xml), Filter=null)
2020-03-02 16:23:03,875 main DEBUG Building Plugin[name=logger, class=org.apache.logging.log4j.core.config.LoggerConfig].
2020-03-02 16:23:03,876 main DEBUG createLogger(additivity="true", level="INFO", name="org.mybatis", includeLocation="null", ={}, ={}, Configuration(/Users/lipan/Downloads/szsmilejava-xht 2/xht/BankCounterOperator/target/classes/log4j2.xml), Filter=null)
2020-03-02 16:23:03,878 main DEBUG Building Plugin[name=logger, class=org.apache.logging.log4j.core.config.LoggerConfig].
2020-03-02 16:23:03,879 main DEBUG createLogger(additivity="true", level="INFO", name="org.apache.shiro", includeLocation="null", ={}, ={}, Configuration(/Users/lipan/Downloads/szsmilejava-xht 2/xht/BankCounterOperator/target/classes/log4j2.xml), Filter=null)
2020-03-02 16:23:03,879 main DEBUG Building Plugin[name=appender-ref, class=org.apache.logging.log4j.core.config.AppenderRef].
2020-03-02 16:23:03,880 main DEBUG createAppenderRef(ref="Console", level="null", Filter=null)
2020-03-02 16:23:03,880 main DEBUG Building Plugin[name=appender-ref, class=org.apache.logging.log4j.core.config.AppenderRef].
2020-03-02 16:23:03,881 main DEBUG createAppenderRef(ref="log", level="null", Filter=null)
2020-03-02 16:23:03,882 main DEBUG Building Plugin[name=root, class=org.apache.logging.log4j.core.config.LoggerConfig$RootLogger].
2020-03-02 16:23:03,883 main DEBUG createLogger(additivity="null", level="ALL", includeLocation="null", ={Console, log}, ={}, Configuration(/Users/lipan/Downloads/szsmilejava-xht 2/xht/BankCounterOperator/target/classes/log4j2.xml), Filter=null)
2020-03-02 16:23:03,884 main DEBUG Building Plugin[name=loggers, class=org.apache.logging.log4j.core.config.LoggersPlugin].
2020-03-02 16:23:03,887 main DEBUG createLoggers(={org.springframework, org.mybatis, org.apache.shiro, root})
2020-03-02 16:23:03,887 main DEBUG Configuration XmlConfiguration[location=/Users/lipan/Downloads/szsmilejava-xht 2/xht/BankCounterOperator/target/classes/log4j2.xml] initialized
2020-03-02 16:23:03,888 main DEBUG Starting configuration XmlConfiguration[location=/Users/lipan/Downloads/szsmilejava-xht 2/xht/BankCounterOperator/target/classes/log4j2.xml]
2020-03-02 16:23:03,889 main DEBUG Log4j2 ConfigurationScheduler starting 1 threads
2020-03-02 16:23:03,890 main DEBUG Started configuration XmlConfiguration[location=/Users/lipan/Downloads/szsmilejava-xht 2/xht/BankCounterOperator/target/classes/log4j2.xml] OK.
2020-03-02 16:23:03,890 main DEBUG Shutting down OutputStreamManager SYSTEM_OUT.false.false-1
2020-03-02 16:23:03,891 main DEBUG Shut down OutputStreamManager SYSTEM_OUT.false.false-1, all resources released: true
2020-03-02 16:23:03,891 main DEBUG Appender DefaultConsole-1 stopped with status true
2020-03-02 16:23:03,891 main DEBUG Stopped org.apache.logging.log4j.core.config.DefaultConfiguration@3a82f6ef OK
2020-03-02 16:23:03,933 main DEBUG Registering MBean org.apache.logging.log4j2:type=6bc7c054
2020-03-02 16:23:03,939 main DEBUG Registering MBean org.apache.logging.log4j2:type=6bc7c054,component=StatusLogger
2020-03-02 16:23:03,941 main DEBUG Registering MBean org.apache.logging.log4j2:type=6bc7c054,component=ContextSelector
2020-03-02 16:23:03,943 main DEBUG Registering MBean org.apache.logging.log4j2:type=6bc7c054,component=Loggers,name=
2020-03-02 16:23:03,944 main DEBUG Registering MBean org.apache.logging.log4j2:type=6bc7c054,component=Loggers,name=org.apache.shiro
2020-03-02 16:23:03,944 main DEBUG Registering MBean org.apache.logging.log4j2:type=6bc7c054,component=Loggers,name=org.springframework
2020-03-02 16:23:03,944 main DEBUG Registering MBean org.apache.logging.log4j2:type=6bc7c054,component=Loggers,name=org.mybatis
2020-03-02 16:23:03,945 main DEBUG Registering MBean org.apache.logging.log4j2:type=6bc7c054,component=Appenders,name=Console
2020-03-02 16:23:03,946 main DEBUG Registering MBean org.apache.logging.log4j2:type=6bc7c054,component=Appenders,name=RollingFileInfo
2020-03-02 16:23:03,947 main DEBUG Registering MBean org.apache.logging.log4j2:type=6bc7c054,component=Appenders,name=RollingFileWarn
2020-03-02 16:23:03,947 main DEBUG Registering MBean org.apache.logging.log4j2:type=6bc7c054,component=Appenders,name=log
2020-03-02 16:23:03,948 main DEBUG Registering MBean org.apache.logging.log4j2:type=6bc7c054,component=Appenders,name=RollingFileError
2020-03-02 16:23:03,950 main DEBUG org.apache.logging.log4j.core.util.SystemClock does not support precise timestamps.
2020-03-02 16:23:03,951 main DEBUG Reconfiguration complete for context[name=6bc7c054] at URI /Users/lipan/Downloads/szsmilejava-xht 2/xht/BankCounterOperator/target/classes/log4j2.xml (org.apache.logging.log4j.core.LoggerContext@3bf9ce3e) with optional ClassLoader: null
2020-03-02 16:23:03,951 main DEBUG Shutdown hook enabled. Registering a new one.
2020-03-02 16:23:03,952 main DEBUG LoggerContext[name=6bc7c054, org.apache.logging.log4j.core.LoggerContext@3bf9ce3e] started OK.
[16:23:04:065] [INFO] - org.springframework.test.context.support.AbstractTestContextBootstrapper.buildDefaultMergedContextConfiguration(AbstractTestContextBootstrapper.java:308) - Neither @ContextConfiguration nor @ContextHierarchy found for test class [com.ll.main.BankCounterOperatorApplicationTests], using SpringBootContextLoader
2020-03-02 16:23:04,072 main DEBUG AsyncLogger.ThreadNameStrategy=UNCACHED (user specified null, default is UNCACHED)
2020-03-02 16:23:04,072 main DEBUG org.apache.logging.log4j.core.util.SystemClock does not support precise timestamps.
[16:23:04:079] [INFO] - org.springframework.test.context.support.AbstractContextLoader.generateDefaultLocations(AbstractContextLoader.java:264) - Could not detect default resource locations for test class [com.ll.main.BankCounterOperatorApplicationTests]: no resource found for suffixes {-context.xml, Context.groovy}.
[16:23:04:080] [INFO] - org.springframework.test.context.support.AnnotationConfigContextLoaderUtils.detectDefaultConfigurationClasses(AnnotationConfigContextLoaderUtils.java:83) - Could not detect default configuration classes for test class [com.ll.main.BankCounterOperatorApplicationTests]: BankCounterOperatorApplicationTests does not declare any static, non-private, non-final, nested classes annotated with @Configuration.
[16:23:04:212] [INFO] - org.springframework.boot.test.context.SpringBootTestContextBootstrapper.getOrFindConfigurationClasses(SpringBootTestContextBootstrapper.java:235) - Found @SpringBootConfiguration com.ll.main.BankCounterOperatorApplication for test class com.ll.main.BankCounterOperatorApplicationTests
[16:23:04:317] [INFO] - org.springframework.test.context.support.AbstractTestContextBootstrapper.getDefaultTestExecutionListenerClassNames(AbstractTestContextBootstrapper.java:248) - Loaded default TestExecutionListener class names from location [META-INF/spring.factories]: [org.springframework.boot.test.mock.mockito.MockitoTestExecutionListener, org.springframework.boot.test.mock.mockito.ResetMocksTestExecutionListener, org.springframework.boot.test.autoconfigure.restdocs.RestDocsTestExecutionListener, org.springframework.boot.test.autoconfigure.web.client.MockRestServiceServerResetTestExecutionListener, org.springframework.boot.test.autoconfigure.web.servlet.MockMvcPrintOnlyOnFailureTestExecutionListener, org.springframework.boot.test.autoconfigure.web.servlet.WebDriverTestExecutionListener, org.springframework.test.context.web.ServletTestExecutionListener, org.springframework.test.context.support.DirtiesContextBeforeModesTestExecutionListener, org.springframework.test.context.support.DependencyInjectionTestExecutionListener, org.springframework.test.context.support.DirtiesContextTestExecutionListener, org.springframework.test.context.transaction.TransactionalTestExecutionListener, org.springframework.test.context.jdbc.SqlScriptsTestExecutionListener]
[16:23:04:341] [INFO] - org.springframework.test.context.support.AbstractTestContextBootstrapper.getTestExecutionListeners(AbstractTestContextBootstrapper.java:177) - Using TestExecutionListeners: [org.springframework.test.context.web.ServletTestExecutionListener@64c63c79, org.springframework.test.context.support.DirtiesContextBeforeModesTestExecutionListener@31c7528f, org.springframework.boot.test.mock.mockito.MockitoTestExecutionListener@2b76ff4e, org.springframework.boot.test.autoconfigure.SpringBootDependencyInjectionTestExecutionListener@7a1234bf, org.springframework.test.context.support.DirtiesContextTestExecutionListener@2f62ea70, org.springframework.test.context.transaction.TransactionalTestExecutionListener@24ba9639, org.springframework.test.context.jdbc.SqlScriptsTestExecutionListener@38aa816f, org.springframework.boot.test.mock.mockito.ResetMocksTestExecutionListener@53f6fd09, org.springframework.boot.test.autoconfigure.restdocs.RestDocsTestExecutionListener@6bffbc6d, org.springframework.boot.test.autoconfigure.web.client.MockRestServiceServerResetTestExecutionListener@1b84f475, org.springframework.boot.test.autoconfigure.web.servlet.MockMvcPrintOnlyOnFailureTestExecutionListener@7749bf93, org.springframework.boot.test.autoconfigure.web.servlet.WebDriverTestExecutionListener@13330ac6]
2020-03-02 16:23:04,633 main DEBUG Using configurationFactory org.apache.logging.log4j.core.config.ConfigurationFactory$Factory@2313052e
2020-03-02 16:23:04,634 main INFO Log4j appears to be running in a Servlet environment, but there's no log4j-web module available. If you want better web container support, please add the log4j-web JAR to your web archive or server lib directory.
2020-03-02 16:23:04,636 main DEBUG Closing BufferedInputStream java.io.BufferedInputStream@2bd2b28e
2020-03-02 16:23:04,651 main DEBUG Watching file '/Users/lipan/Downloads/szsmilejava-xht 2/xht/BankCounterOperator/target/classes/log4j2.xml' for lastModified Mon Mar 02 16:22:56 CST 2020 (1583137376000)
2020-03-02 16:23:04,652 main DEBUG Loaded configuration from /Users/lipan/Downloads/szsmilejava-xht 2/xht/BankCounterOperator/target/classes/log4j2.xml
2020-03-02 16:23:04,659 main DEBUG Starting LoggerContext[name=6bc7c054, org.apache.logging.log4j.core.LoggerContext@3bf9ce3e] with configuration XmlConfiguration[location=/Users/lipan/Downloads/szsmilejava-xht 2/xht/BankCounterOperator/target/classes/log4j2.xml]...
2020-03-02 16:23:04,660 main DEBUG Apache Log4j Core 2.11.2 initializing configuration XmlConfiguration[location=/Users/lipan/Downloads/szsmilejava-xht 2/xht/BankCounterOperator/target/classes/log4j2.xml]
2020-03-02 16:23:04,663 main DEBUG Installed 1 script engine
2020-03-02 16:23:04,672 main DEBUG Oracle Nashorn version: 1.8.0_201, language: ECMAScript, threading: Not Thread Safe, compile: true, names: [nashorn, Nashorn, js, JS, JavaScript, javascript, ECMAScript, ecmascript], factory class: jdk.nashorn.api.scripting.NashornScriptEngineFactory
2020-03-02 16:23:04,672 main DEBUG PluginManager 'Core' found 117 plugins
2020-03-02 16:23:04,673 main DEBUG PluginManager 'Level' found 0 plugins
2020-03-02 16:23:04,674 main DEBUG PluginManager 'Lookup' found 13 plugins
2020-03-02 16:23:04,675 main DEBUG Building Plugin[name=layout, class=org.apache.logging.log4j.core.layout.PatternLayout].
2020-03-02 16:23:04,676 main DEBUG PatternLayout$Builder(pattern="[%d{HH:mm:ss:SSS}] [%p] - %l - %m%n", PatternSelector=null, Configuration(/Users/lipan/Downloads/szsmilejava-xht 2/xht/BankCounterOperator/target/classes/log4j2.xml), Replace=null, charset="null", alwaysWriteExceptions="null", disableAnsi="null", noConsoleNoAnsi="null", header="null", footer="null")
2020-03-02 16:23:04,676 main DEBUG PluginManager 'Converter' found 47 plugins
2020-03-02 16:23:04,677 main DEBUG Building Plugin[name=appender, class=org.apache.logging.log4j.core.appender.ConsoleAppender].
2020-03-02 16:23:04,678 main DEBUG ConsoleAppender$Builder(target="SYSTEM_OUT", follow="null", direct="null", bufferedIo="null", bufferSize="null", immediateFlush="null", ignoreExceptions="null", PatternLayout([%d{HH:mm:ss:SSS}] [%p] - %l - %m%n), name="Console", Configuration(/Users/lipan/Downloads/szsmilejava-xht 2/xht/BankCounterOperator/target/classes/log4j2.xml), Filter=null, ={})
2020-03-02 16:23:04,679 main DEBUG Building Plugin[name=layout, class=org.apache.logging.log4j.core.layout.PatternLayout].
2020-03-02 16:23:04,680 main DEBUG PatternLayout$Builder(pattern="%d{HH:mm:ss.SSS} %-5level %class{36} %L %M - %msg%xEx%n", PatternSelector=null, Configuration(/Users/lipan/Downloads/szsmilejava-xht 2/xht/BankCounterOperator/target/classes/log4j2.xml), Replace=null, charset="null", alwaysWriteExceptions="null", disableAnsi="null", noConsoleNoAnsi="null", header="null", footer="null")
2020-03-02 16:23:04,681 main DEBUG Building Plugin[name=appender, class=org.apache.logging.log4j.core.appender.FileAppender].
2020-03-02 16:23:04,681 main DEBUG FileAppender$Builder(fileName="d:/logs/test.log", append="false", locking="null", advertise="null", advertiseUri="null", createOnDemand="null", filePermissions="null", fileOwner="null", fileGroup="null", bufferedIo="null", bufferSize="null", immediateFlush="null", ignoreExceptions="null", PatternLayout(%d{HH:mm:ss.SSS} %-5level %class{36} %L %M - %msg%xEx%n), name="log", Configuration(/Users/lipan/Downloads/szsmilejava-xht 2/xht/BankCounterOperator/target/classes/log4j2.xml), Filter=null, ={})
2020-03-02 16:23:04,683 main DEBUG Building Plugin[name=filter, class=org.apache.logging.log4j.core.filter.ThresholdFilter].
2020-03-02 16:23:04,683 main DEBUG createFilter(level="INFO", onMatch="ACCEPT", onMismatch="DENY")
2020-03-02 16:23:04,683 main DEBUG Building Plugin[name=layout, class=org.apache.logging.log4j.core.layout.PatternLayout].
2020-03-02 16:23:04,684 main DEBUG PatternLayout$Builder(pattern="[%d{HH:mm:ss:SSS}] [%p] - %l - %m%n", PatternSelector=null, Configuration(/Users/lipan/Downloads/szsmilejava-xht 2/xht/BankCounterOperator/target/classes/log4j2.xml), Replace=null, charset="null", alwaysWriteExceptions="null", disableAnsi="null", noConsoleNoAnsi="null", header="null", footer="null")
2020-03-02 16:23:04,684 main DEBUG Building Plugin[name=TimeBasedTriggeringPolicy, class=org.apache.logging.log4j.core.appender.rolling.TimeBasedTriggeringPolicy].
2020-03-02 16:23:04,684 main DEBUG TimeBasedTriggeringPolicy$Builder(interval="null", modulate="null", maxRandomDelay="null")
2020-03-02 16:23:04,685 main DEBUG Building Plugin[name=SizeBasedTriggeringPolicy, class=org.apache.logging.log4j.core.appender.rolling.SizeBasedTriggeringPolicy].
2020-03-02 16:23:04,686 main DEBUG createPolicy(size="100 MB")
2020-03-02 16:23:04,686 main DEBUG Building Plugin[name=Policies, class=org.apache.logging.log4j.core.appender.rolling.CompositeTriggeringPolicy].
2020-03-02 16:23:04,687 main DEBUG createPolicy(={TimeBasedTriggeringPolicy(nextRolloverMillis=0, interval=1, modulate=false), SizeBasedTriggeringPolicy(size=104857600)})
2020-03-02 16:23:04,688 main DEBUG Building Plugin[name=appender, class=org.apache.logging.log4j.core.appender.RollingFileAppender].
2020-03-02 16:23:04,690 main DEBUG RollingFileAppender$Builder(fileName="D:/logs/info.log", filePattern="D:/logs/${date:yyyy-MM}/info-%d{yyyy-MM-dd}-%i.log", append="null", locking="null", Policies(CompositeTriggeringPolicy(policies=[TimeBasedTriggeringPolicy(nextRolloverMillis=0, interval=1, modulate=false), SizeBasedTriggeringPolicy(size=104857600)])), Strategy=null, advertise="null", advertiseUri="null", createOnDemand="null", filePermissions="null", fileOwner="null", fileGroup="null", bufferedIo="null", bufferSize="null", immediateFlush="null", ignoreExceptions="null", PatternLayout([%d{HH:mm:ss:SSS}] [%p] - %l - %m%n), name="RollingFileInfo", Configuration(/Users/lipan/Downloads/szsmilejava-xht 2/xht/BankCounterOperator/target/classes/log4j2.xml), ThresholdFilter(INFO), ={})
2020-03-02 16:23:04,691 main DEBUG Initializing triggering policy TimeBasedTriggeringPolicy(nextRolloverMillis=0, interval=1, modulate=false)
2020-03-02 16:23:04,692 main DEBUG Initializing triggering policy SizeBasedTriggeringPolicy(size=104857600)
2020-03-02 16:23:04,693 main DEBUG PluginManager 'FileConverter' found 2 plugins
2020-03-02 16:23:04,693 main DEBUG Building Plugin[name=filter, class=org.apache.logging.log4j.core.filter.ThresholdFilter].
2020-03-02 16:23:04,695 main DEBUG createFilter(level="WARN", onMatch="ACCEPT", onMismatch="DENY")
2020-03-02 16:23:04,695 main DEBUG Building Plugin[name=layout, class=org.apache.logging.log4j.core.layout.PatternLayout].
2020-03-02 16:23:04,696 main DEBUG PatternLayout$Builder(pattern="[%d{HH:mm:ss:SSS}] [%p] - %l - %m%n", PatternSelector=null, Configuration(/Users/lipan/Downloads/szsmilejava-xht 2/xht/BankCounterOperator/target/classes/log4j2.xml), Replace=null, charset="null", alwaysWriteExceptions="null", disableAnsi="null", noConsoleNoAnsi="null", header="null", footer="null")
2020-03-02 16:23:04,696 main DEBUG Building Plugin[name=TimeBasedTriggeringPolicy, class=org.apache.logging.log4j.core.appender.rolling.TimeBasedTriggeringPolicy].
2020-03-02 16:23:04,697 main DEBUG TimeBasedTriggeringPolicy$Builder(interval="null", modulate="null", maxRandomDelay="null")
2020-03-02 16:23:04,697 main DEBUG Building Plugin[name=SizeBasedTriggeringPolicy, class=org.apache.logging.log4j.core.appender.rolling.SizeBasedTriggeringPolicy].
2020-03-02 16:23:04,698 main DEBUG createPolicy(size="100 MB")
2020-03-02 16:23:04,698 main DEBUG Building Plugin[name=Policies, class=org.apache.logging.log4j.core.appender.rolling.CompositeTriggeringPolicy].
2020-03-02 16:23:04,699 main DEBUG createPolicy(={TimeBasedTriggeringPolicy(nextRolloverMillis=0, interval=1, modulate=false), SizeBasedTriggeringPolicy(size=104857600)})
2020-03-02 16:23:04,699 main DEBUG Building Plugin[name=DefaultRolloverStrategy, class=org.apache.logging.log4j.core.appender.rolling.DefaultRolloverStrategy].
2020-03-02 16:23:04,699 main DEBUG DefaultRolloverStrategy$Builder(max="20", min="null", fileIndex="null", compressionLevel="null", ={}, stopCustomActionsOnError="null", tempCompressedFilePattern="null", Configuration(/Users/lipan/Downloads/szsmilejava-xht 2/xht/BankCounterOperator/target/classes/log4j2.xml))
2020-03-02 16:23:04,700 main DEBUG Building Plugin[name=appender, class=org.apache.logging.log4j.core.appender.RollingFileAppender].
2020-03-02 16:23:04,700 main DEBUG RollingFileAppender$Builder(fileName="D:/logs/warn.log", filePattern="D:/logs/${date:yyyy-MM}/warn-%d{yyyy-MM-dd}-%i.log", append="null", locking="null", Policies(CompositeTriggeringPolicy(policies=[TimeBasedTriggeringPolicy(nextRolloverMillis=0, interval=1, modulate=false), SizeBasedTriggeringPolicy(size=104857600)])), DefaultRolloverStrategy(DefaultRolloverStrategy(min=1, max=20, useMax=true)), advertise="null", advertiseUri="null", createOnDemand="null", filePermissions="null", fileOwner="null", fileGroup="null", bufferedIo="null", bufferSize="null", immediateFlush="null", ignoreExceptions="null", PatternLayout([%d{HH:mm:ss:SSS}] [%p] - %l - %m%n), name="RollingFileWarn", Configuration(/Users/lipan/Downloads/szsmilejava-xht 2/xht/BankCounterOperator/target/classes/log4j2.xml), ThresholdFilter(WARN), ={})
2020-03-02 16:23:04,701 main DEBUG Initializing triggering policy TimeBasedTriggeringPolicy(nextRolloverMillis=0, interval=1, modulate=false)
2020-03-02 16:23:04,701 main DEBUG Initializing triggering policy SizeBasedTriggeringPolicy(size=104857600)
[16:23:04:701] [DEBUG] - org.hibernate.validator.messageinterpolation.ResourceBundleMessageInterpolator.buildExpressionFactory(ResourceBundleMessageInterpolator.java:89) - Loaded expression factory via original TCCL
2020-03-02 16:23:04,701 main DEBUG PluginManager 'FileConverter' found 2 plugins
2020-03-02 16:23:04,704 main DEBUG Building Plugin[name=filter, class=org.apache.logging.log4j.core.filter.ThresholdFilter].
2020-03-02 16:23:04,704 main DEBUG createFilter(level="ERROR", onMatch="ACCEPT", onMismatch="DENY")
2020-03-02 16:23:04,705 main DEBUG Building Plugin[name=layout, class=org.apache.logging.log4j.core.layout.PatternLayout].
2020-03-02 16:23:04,705 main DEBUG PatternLayout$Builder(pattern="[%d{HH:mm:ss:SSS}] [%p] - %l - %m%n", PatternSelector=null, Configuration(/Users/lipan/Downloads/szsmilejava-xht 2/xht/BankCounterOperator/target/classes/log4j2.xml), Replace=null, charset="null", alwaysWriteExceptions="null", disableAnsi="null", noConsoleNoAnsi="null", header="null", footer="null")
2020-03-02 16:23:04,706 main DEBUG Building Plugin[name=TimeBasedTriggeringPolicy, class=org.apache.logging.log4j.core.appender.rolling.TimeBasedTriggeringPolicy].
2020-03-02 16:23:04,707 main DEBUG TimeBasedTriggeringPolicy$Builder(interval="null", modulate="null", maxRandomDelay="null")
2020-03-02 16:23:04,707 main DEBUG Building Plugin[name=SizeBasedTriggeringPolicy, class=org.apache.logging.log4j.core.appender.rolling.SizeBasedTriggeringPolicy].
2020-03-02 16:23:04,708 main DEBUG createPolicy(size="100 MB")
2020-03-02 16:23:04,709 main DEBUG Building Plugin[name=Policies, class=org.apache.logging.log4j.core.appender.rolling.CompositeTriggeringPolicy].
2020-03-02 16:23:04,709 main DEBUG createPolicy(={TimeBasedTriggeringPolicy(nextRolloverMillis=0, interval=1, modulate=false), SizeBasedTriggeringPolicy(size=104857600)})
[16:23:04:709] [DEBUG] - org.hibernate.validator.internal.engine.ValidatorFactoryImpl.logValidatorFactoryScopedConfiguration(ValidatorFactoryImpl.java:578) - HV000234: Using org.hibernate.validator.messageinterpolation.ResourceBundleMessageInterpolator as ValidatorFactory-scoped message interpolator.
[16:23:04:710] [DEBUG] - org.hibernate.validator.internal.engine.ValidatorFactoryImpl.logValidatorFactoryScopedConfiguration(ValidatorFactoryImpl.java:579) - HV000234: Using org.hibernate.validator.internal.engine.resolver.TraverseAllTraversableResolver as ValidatorFactory-scoped traversable resolver.
[16:23:04:710] [DEBUG] - org.hibernate.validator.internal.engine.ValidatorFactoryImpl.logValidatorFactoryScopedConfiguration(ValidatorFactoryImpl.java:580) - HV000234: Using org.hibernate.validator.internal.util.ExecutableParameterNameProvider as ValidatorFactory-scoped parameter name provider.
[16:23:04:710] [DEBUG] - org.hibernate.validator.internal.engine.ValidatorFactoryImpl.logValidatorFactoryScopedConfiguration(ValidatorFactoryImpl.java:581) - HV000234: Using org.hibernate.validator.internal.engine.DefaultClockProvider as ValidatorFactory-scoped clock provider.
[16:23:04:710] [DEBUG] - org.hibernate.validator.internal.engine.ValidatorFactoryImpl.logValidatorFactoryScopedConfiguration(ValidatorFactoryImpl.java:582) - HV000234: Using org.hibernate.validator.internal.engine.scripting.DefaultScriptEvaluatorFactory as ValidatorFactory-scoped script evaluator factory.
2020-03-02 16:23:04,711 main DEBUG Building Plugin[name=appender, class=org.apache.logging.log4j.core.appender.RollingFileAppender].
2020-03-02 16:23:04,713 main DEBUG RollingFileAppender$Builder(fileName="D:/logs/error.log", filePattern="D:/logs/${date:yyyy-MM}/error-%d{yyyy-MM-dd}-%i.log", append="null", locking="null", Policies(CompositeTriggeringPolicy(policies=[TimeBasedTriggeringPolicy(nextRolloverMillis=0, interval=1, modulate=false), SizeBasedTriggeringPolicy(size=104857600)])), Strategy=null, advertise="null", advertiseUri="null", createOnDemand="null", filePermissions="null", fileOwner="null", fileGroup="null", bufferedIo="null", bufferSize="null", immediateFlush="null", ignoreExceptions="null", PatternLayout([%d{HH:mm:ss:SSS}] [%p] - %l - %m%n), name="RollingFileError", Configuration(/Users/lipan/Downloads/szsmilejava-xht 2/xht/BankCounterOperator/target/classes/log4j2.xml), ThresholdFilter(ERROR), ={})
2020-03-02 16:23:04,714 main DEBUG Initializing triggering policy TimeBasedTriggeringPolicy(nextRolloverMillis=0, interval=1, modulate=false)
2020-03-02 16:23:04,715 main DEBUG Initializing triggering policy SizeBasedTriggeringPolicy(size=104857600)
2020-03-02 16:23:04,716 main DEBUG PluginManager 'FileConverter' found 2 plugins
2020-03-02 16:23:04,718 main DEBUG Building Plugin[name=appenders, class=org.apache.logging.log4j.core.config.AppendersPlugin].
2020-03-02 16:23:04,719 main DEBUG createAppenders(={Console, log, RollingFileInfo, RollingFileWarn, RollingFileError})
2020-03-02 16:23:04,719 main DEBUG Building Plugin[name=logger, class=org.apache.logging.log4j.core.config.LoggerConfig].
2020-03-02 16:23:04,725 main DEBUG createLogger(additivity="true", level="INFO", name="org.springframework", includeLocation="null", ={}, ={}, Configuration(/Users/lipan/Downloads/szsmilejava-xht 2/xht/BankCounterOperator/target/classes/log4j2.xml), Filter=null)
2020-03-02 16:23:04,726 main DEBUG Building Plugin[name=logger, class=org.apache.logging.log4j.core.config.LoggerConfig].
2020-03-02 16:23:04,726 main DEBUG createLogger(additivity="true", level="INFO", name="org.mybatis", includeLocation="null", ={}, ={}, Configuration(/Users/lipan/Downloads/szsmilejava-xht 2/xht/BankCounterOperator/target/classes/log4j2.xml), Filter=null)
2020-03-02 16:23:04,727 main DEBUG Building Plugin[name=logger, class=org.apache.logging.log4j.core.config.LoggerConfig].
2020-03-02 16:23:04,728 main DEBUG createLogger(additivity="true", level="INFO", name="org.apache.shiro", includeLocation="null", ={}, ={}, Configuration(/Users/lipan/Downloads/szsmilejava-xht 2/xht/BankCounterOperator/target/classes/log4j2.xml), Filter=null)
2020-03-02 16:23:04,729 main DEBUG Building Plugin[name=appender-ref, class=org.apache.logging.log4j.core.config.AppenderRef].
2020-03-02 16:23:04,729 main DEBUG createAppenderRef(ref="Console", level="null", Filter=null)
2020-03-02 16:23:04,730 main DEBUG Building Plugin[name=appender-ref, class=org.apache.logging.log4j.core.config.AppenderRef].
2020-03-02 16:23:04,732 main DEBUG createAppenderRef(ref="log", level="null", Filter=null)
2020-03-02 16:23:04,733 main DEBUG Building Plugin[name=root, class=org.apache.logging.log4j.core.config.LoggerConfig$RootLogger].
2020-03-02 16:23:04,734 main DEBUG createLogger(additivity="null", level="ALL", includeLocation="null", ={Console, log}, ={}, Configuration(/Users/lipan/Downloads/szsmilejava-xht 2/xht/BankCounterOperator/target/classes/log4j2.xml), Filter=null)
2020-03-02 16:23:04,735 main DEBUG Building Plugin[name=loggers, class=org.apache.logging.log4j.core.config.LoggersPlugin].
2020-03-02 16:23:04,736 main DEBUG createLoggers(={org.springframework, org.mybatis, org.apache.shiro, root})
2020-03-02 16:23:04,737 main DEBUG Configuration XmlConfiguration[location=/Users/lipan/Downloads/szsmilejava-xht 2/xht/BankCounterOperator/target/classes/log4j2.xml] initialized
2020-03-02 16:23:04,737 main DEBUG Starting configuration XmlConfiguration[location=/Users/lipan/Downloads/szsmilejava-xht 2/xht/BankCounterOperator/target/classes/log4j2.xml]
2020-03-02 16:23:04,737 main DEBUG Log4j2 ConfigurationScheduler starting 1 threads
2020-03-02 16:23:04,738 main DEBUG Started configuration XmlConfiguration[location=/Users/lipan/Downloads/szsmilejava-xht 2/xht/BankCounterOperator/target/classes/log4j2.xml] OK.
2020-03-02 16:23:04,739 main DEBUG Appender RollingFileError stopped with status true
2020-03-02 16:23:04,739 main DEBUG Appender log stopped with status true
2020-03-02 16:23:04,740 main DEBUG Appender RollingFileWarn stopped with status true
2020-03-02 16:23:04,741 main DEBUG Appender RollingFileInfo stopped with status true
2020-03-02 16:23:04,741 main DEBUG Appender Console stopped with status true
2020-03-02 16:23:04,742 main DEBUG Log4j2 ConfigurationScheduler shutting down threads in java.util.concurrent.ScheduledThreadPoolExecutor@4504d271[Running, pool size = 1, active threads = 0, queued tasks = 1, completed tasks = 0]
2020-03-02 16:23:04,745 main DEBUG Stopped XmlConfiguration[location=/Users/lipan/Downloads/szsmilejava-xht 2/xht/BankCounterOperator/target/classes/log4j2.xml] OK
2020-03-02 16:23:04,752 main DEBUG Registering MBean org.apache.logging.log4j2:type=6bc7c054
2020-03-02 16:23:04,754 main DEBUG Registering MBean org.apache.logging.log4j2:type=6bc7c054,component=StatusLogger
2020-03-02 16:23:04,754 main DEBUG Registering MBean org.apache.logging.log4j2:type=6bc7c054,component=ContextSelector
2020-03-02 16:23:04,755 main DEBUG Registering MBean org.apache.logging.log4j2:type=6bc7c054,component=Loggers,name=
2020-03-02 16:23:04,756 main DEBUG Registering MBean org.apache.logging.log4j2:type=6bc7c054,component=Loggers,name=org.apache.shiro
2020-03-02 16:23:04,757 main DEBUG Registering MBean org.apache.logging.log4j2:type=6bc7c054,component=Loggers,name=org.springframework
2020-03-02 16:23:04,758 main DEBUG Registering MBean org.apache.logging.log4j2:type=6bc7c054,component=Loggers,name=org.mybatis
2020-03-02 16:23:04,759 main DEBUG Registering MBean org.apache.logging.log4j2:type=6bc7c054,component=Appenders,name=Console
2020-03-02 16:23:04,760 main DEBUG Registering MBean org.apache.logging.log4j2:type=6bc7c054,component=Appenders,name=RollingFileInfo
2020-03-02 16:23:04,761 main DEBUG Registering MBean org.apache.logging.log4j2:type=6bc7c054,component=Appenders,name=RollingFileWarn
2020-03-02 16:23:04,763 main DEBUG Registering MBean org.apache.logging.log4j2:type=6bc7c054,component=Appenders,name=log
2020-03-02 16:23:04,766 main DEBUG Registering MBean org.apache.logging.log4j2:type=6bc7c054,component=Appenders,name=RollingFileError
2020-03-02 16:23:04,766 main DEBUG LoggerContext[name=6bc7c054, org.apache.logging.log4j.core.LoggerContext@3bf9ce3e] started OK with configuration XmlConfiguration[location=/Users/lipan/Downloads/szsmilejava-xht 2/xht/BankCounterOperator/target/classes/log4j2.xml].

  .   ____          _            __ _ _
 /\\ / ___'_ __ _ _(_)_ __  __ _ \ \ \ \
( ( )\___ | '_ | '_| | '_ \/ _` | \ \ \ \
 \\/  ___)| |_)| | | | | || (_| |  ) ) ) )
  '  |____| .__|_| |_|_| |_\__, | / / / /
 =========|_|==============|___/=/_/_/_/
 :: Spring Boot ::        (v2.1.9.RELEASE)

[16:23:04:880] [INFO] - org.springframework.boot.StartupInfoLogger.logStarting(StartupInfoLogger.java:50) - Starting BankCounterOperatorApplicationTests on lipandeMacBook-Pro.local with PID 3719 (started by lipan in /Users/lipan/Downloads/szsmilejava-xht 2/xht/BankCounterOperator)
[16:23:04:880] [DEBUG] - org.springframework.boot.StartupInfoLogger.logStarting(StartupInfoLogger.java:53) - Running with Spring Boot v2.1.9.RELEASE, Spring v5.1.10.RELEASE
[16:23:04:881] [INFO] - org.springframework.boot.SpringApplication.logStartupProfileInfo(SpringApplication.java:648) - No active profile set, falling back to default profiles: default
[16:23:05:798] [DEBUG] - org.apache.ibatis.logging.LogFactory.setImplementation(LogFactory.java:105) - Logging initialized using 'class org.apache.ibatis.logging.slf4j.Slf4jImpl' adapter.
[16:23:06:218] [INFO] - org.springframework.context.support.PostProcessorRegistrationDelegate$BeanPostProcessorChecker.postProcessAfterInitialization(PostProcessorRegistrationDelegate.java:330) - Bean 'org.springframework.transaction.annotation.ProxyTransactionManagementConfiguration' of type [org.springframework.transaction.annotation.ProxyTransactionManagementConfiguration$$EnhancerBySpringCGLIB$$c0856752] is not eligible for getting processed by all BeanPostProcessors (for example: not eligible for auto-proxying)
[16:23:06:458] [INFO] - org.springframework.context.support.PostProcessorRegistrationDelegate$BeanPostProcessorChecker.postProcessAfterInitialization(PostProcessorRegistrationDelegate.java:330) - Bean 'shiroConfig' of type [com.ll.shiro.ShiroConfig$$EnhancerBySpringCGLIB$$f17825ac] is not eligible for getting processed by all BeanPostProcessors (for example: not eligible for auto-proxying)
[16:23:06:483] [INFO] - org.springframework.context.support.PostProcessorRegistrationDelegate$BeanPostProcessorChecker.postProcessAfterInitialization(PostProcessorRegistrationDelegate.java:330) - Bean 'CustomRealm' of type [com.ll.shiro.CustomRealm] is not eligible for getting processed by all BeanPostProcessors (for example: not eligible for auto-proxying)
[16:23:06:754] [INFO] - org.springframework.context.support.PostProcessorRegistrationDelegate$BeanPostProcessorChecker.postProcessAfterInitialization(PostProcessorRegistrationDelegate.java:330) - Bean 'securityManager' of type [org.apache.shiro.web.mgt.DefaultWebSecurityManager] is not eligible for getting processed by all BeanPostProcessors (for example: not eligible for auto-proxying)
[16:23:06:997] [DEBUG] - com.zaxxer.hikari.HikariConfig.setDriverClassName(HikariConfig.java:480) - Driver class com.mysql.jdbc.Driver found in Thread context class loader sun.misc.Launcher$AppClassLoader@6bc7c054
[16:23:07:636] [WARN] - org.springframework.context.support.AbstractApplicationContext.refresh(AbstractApplicationContext.java:557) - Exception encountered during context initialization - cancelling refresh attempt: org.springframework.beans.factory.BeanCreationException: Error creating bean with name 'orderController' defined in file [/Users/lipan/Downloads/szsmilejava-xht 2/xht/BankCounterOperator/target/classes/com/ll/web/OrderController.class]: Instantiation of bean failed; nested exception is java.lang.ExceptionInInitializerError
[16:23:07:647] [INFO] - org.springframework.boot.autoconfigure.logging.ConditionEvaluationReportLoggingListener.logMessage(ConditionEvaluationReportLoggingListener.java:136) - 

Error starting ApplicationContext. To display the conditions report re-run your application with 'debug' enabled.
[16:23:07:650] [ERROR] - org.springframework.boot.SpringApplication.reportFailure(SpringApplication.java:823) - Application run failed
org.springframework.beans.factory.BeanCreationException: Error creating bean with name 'orderController' defined in file [/Users/lipan/Downloads/szsmilejava-xht 2/xht/BankCounterOperator/target/classes/com/ll/web/OrderController.class]: Instantiation of bean failed; nested exception is java.lang.ExceptionInInitializerError
	at org.springframework.beans.factory.support.AbstractAutowireCapableBeanFactory.instantiateBean(AbstractAutowireCapableBeanFactory.java:1303) ~[spring-beans-5.1.10.RELEASE.jar:5.1.10.RELEASE]
	at org.springframework.beans.factory.support.AbstractAutowireCapableBeanFactory.createBeanInstance(AbstractAutowireCapableBeanFactory.java:1197) ~[spring-beans-5.1.10.RELEASE.jar:5.1.10.RELEASE]
	at org.springframework.beans.factory.support.AbstractAutowireCapableBeanFactory.doCreateBean(AbstractAutowireCapableBeanFactory.java:555) ~[spring-beans-5.1.10.RELEASE.jar:5.1.10.RELEASE]
	at org.springframework.beans.factory.support.AbstractAutowireCapableBeanFactory.createBean(AbstractAutowireCapableBeanFactory.java:515) ~[spring-beans-5.1.10.RELEASE.jar:5.1.10.RELEASE]
	at org.springframework.beans.factory.support.AbstractBeanFactory.lambda$doGetBean$0(AbstractBeanFactory.java:320) ~[spring-beans-5.1.10.RELEASE.jar:5.1.10.RELEASE]
	at org.springframework.beans.factory.support.DefaultSingletonBeanRegistry.getSingleton(DefaultSingletonBeanRegistry.java:222) ~[spring-beans-5.1.10.RELEASE.jar:5.1.10.RELEASE]
	at org.springframework.beans.factory.support.AbstractBeanFactory.doGetBean(AbstractBeanFactory.java:318) ~[spring-beans-5.1.10.RELEASE.jar:5.1.10.RELEASE]
	at org.springframework.beans.factory.support.AbstractBeanFactory.getBean(AbstractBeanFactory.java:199) ~[spring-beans-5.1.10.RELEASE.jar:5.1.10.RELEASE]
	at org.springframework.beans.factory.support.DefaultListableBeanFactory.preInstantiateSingletons(DefaultListableBeanFactory.java:847) ~[spring-beans-5.1.10.RELEASE.jar:5.1.10.RELEASE]
	at org.springframework.context.support.AbstractApplicationContext.finishBeanFactoryInitialization(AbstractApplicationContext.java:877) ~[spring-context-5.1.10.RELEASE.jar:5.1.10.RELEASE]
	at org.springframework.context.support.AbstractApplicationContext.refresh(AbstractApplicationContext.java:549) ~[spring-context-5.1.10.RELEASE.jar:5.1.10.RELEASE]
	at org.springframework.boot.SpringApplication.refresh(SpringApplication.java:744) [spring-boot-2.1.9.RELEASE.jar:2.1.9.RELEASE]
	at org.springframework.boot.SpringApplication.refreshContext(SpringApplication.java:391) [spring-boot-2.1.9.RELEASE.jar:2.1.9.RELEASE]
	at org.springframework.boot.SpringApplication.run(SpringApplication.java:312) [spring-boot-2.1.9.RELEASE.jar:2.1.9.RELEASE]
	at org.springframework.boot.test.context.SpringBootContextLoader.loadContext(SpringBootContextLoader.java:120) [spring-boot-test-2.1.9.RELEASE.jar:2.1.9.RELEASE]
	at org.springframework.test.context.cache.DefaultCacheAwareContextLoaderDelegate.loadContextInternal(DefaultCacheAwareContextLoaderDelegate.java:99) [spring-test-5.1.10.RELEASE.jar:5.1.10.RELEASE]
	at org.springframework.test.context.cache.DefaultCacheAwareContextLoaderDelegate.loadContext(DefaultCacheAwareContextLoaderDelegate.java:117) [spring-test-5.1.10.RELEASE.jar:5.1.10.RELEASE]
	at org.springframework.test.context.support.DefaultTestContext.getApplicationContext(DefaultTestContext.java:108) [spring-test-5.1.10.RELEASE.jar:5.1.10.RELEASE]
	at org.springframework.test.context.web.ServletTestExecutionListener.setUpRequestContextIfNecessary(ServletTestExecutionListener.java:190) [spring-test-5.1.10.RELEASE.jar:5.1.10.RELEASE]
	at org.springframework.test.context.web.ServletTestExecutionListener.prepareTestInstance(ServletTestExecutionListener.java:132) [spring-test-5.1.10.RELEASE.jar:5.1.10.RELEASE]
	at org.springframework.test.context.TestContextManager.prepareTestInstance(TestContextManager.java:246) [spring-test-5.1.10.RELEASE.jar:5.1.10.RELEASE]
	at org.springframework.test.context.junit4.SpringJUnit4ClassRunner.createTest(SpringJUnit4ClassRunner.java:227) [spring-test-5.1.10.RELEASE.jar:5.1.10.RELEASE]
	at org.springframework.test.context.junit4.SpringJUnit4ClassRunner$1.runReflectiveCall(SpringJUnit4ClassRunner.java:289) [spring-test-5.1.10.RELEASE.jar:5.1.10.RELEASE]
	at org.junit.internal.runners.model.ReflectiveCallable.run(ReflectiveCallable.java:12) [junit-4.12.jar:4.12]
	at org.springframework.test.context.junit4.SpringJUnit4ClassRunner.methodBlock(SpringJUnit4ClassRunner.java:291) [spring-test-5.1.10.RELEASE.jar:5.1.10.RELEASE]
	at org.springframework.test.context.junit4.SpringJUnit4ClassRunner.runChild(SpringJUnit4ClassRunner.java:246) [spring-test-5.1.10.RELEASE.jar:5.1.10.RELEASE]
	at org.springframework.test.context.junit4.SpringJUnit4ClassRunner.runChild(SpringJUnit4ClassRunner.java:97) [spring-test-5.1.10.RELEASE.jar:5.1.10.RELEASE]
	at org.junit.runners.ParentRunner$3.run(ParentRunner.java:290) [junit-4.12.jar:4.12]
	at org.junit.runners.ParentRunner$1.schedule(ParentRunner.java:71) [junit-4.12.jar:4.12]
	at org.junit.runners.ParentRunner.runChildren(ParentRunner.java:288) [junit-4.12.jar:4.12]
	at org.junit.runners.ParentRunner.access$000(ParentRunner.java:58) [junit-4.12.jar:4.12]
	at org.junit.runners.ParentRunner$2.evaluate(ParentRunner.java:268) [junit-4.12.jar:4.12]
	at org.springframework.test.context.junit4.statements.RunBeforeTestClassCallbacks.evaluate(RunBeforeTestClassCallbacks.java:61) [spring-test-5.1.10.RELEASE.jar:5.1.10.RELEASE]
	at org.springframework.test.context.junit4.statements.RunAfterTestClassCallbacks.evaluate(RunAfterTestClassCallbacks.java:70) [spring-test-5.1.10.RELEASE.jar:5.1.10.RELEASE]
	at org.junit.runners.ParentRunner.run(ParentRunner.java:363) [junit-4.12.jar:4.12]
	at org.springframework.test.context.junit4.SpringJUnit4ClassRunner.run(SpringJUnit4ClassRunner.java:190) [spring-test-5.1.10.RELEASE.jar:5.1.10.RELEASE]
	at org.apache.maven.surefire.junit4.JUnit4Provider.execute(JUnit4Provider.java:365) [surefire-junit4-2.22.2.jar:2.22.2]
	at org.apache.maven.surefire.junit4.JUnit4Provider.executeWithRerun(JUnit4Provider.java:273) [surefire-junit4-2.22.2.jar:2.22.2]
	at org.apache.maven.surefire.junit4.JUnit4Provider.executeTestSet(JUnit4Provider.java:238) [surefire-junit4-2.22.2.jar:2.22.2]
	at org.apache.maven.surefire.junit4.JUnit4Provider.invoke(JUnit4Provider.java:159) [surefire-junit4-2.22.2.jar:2.22.2]
	at org.apache.maven.surefire.booter.ForkedBooter.invokeProviderInSameClassLoader(ForkedBooter.java:384) [surefire-booter-2.22.2.jar:2.22.2]
	at org.apache.maven.surefire.booter.ForkedBooter.runSuitesInProcess(ForkedBooter.java:345) [surefire-booter-2.22.2.jar:2.22.2]
	at org.apache.maven.surefire.booter.ForkedBooter.execute(ForkedBooter.java:126) [surefire-booter-2.22.2.jar:2.22.2]
	at org.apache.maven.surefire.booter.ForkedBooter.main(ForkedBooter.java:418) [surefire-booter-2.22.2.jar:2.22.2]
Caused by: java.lang.ExceptionInInitializerError
	at sun.reflect.NativeConstructorAccessorImpl.newInstance0(Native Method) ~[?:1.8.0_201]
	at sun.reflect.NativeConstructorAccessorImpl.newInstance(NativeConstructorAccessorImpl.java:62) ~[?:1.8.0_201]
	at sun.reflect.DelegatingConstructorAccessorImpl.newInstance(DelegatingConstructorAccessorImpl.java:45) ~[?:1.8.0_201]
	at java.lang.reflect.Constructor.newInstance(Constructor.java:423) ~[?:1.8.0_201]
	at org.springframework.beans.BeanUtils.instantiateClass(BeanUtils.java:172) ~[spring-beans-5.1.10.RELEASE.jar:5.1.10.RELEASE]
	at org.springframework.beans.factory.support.SimpleInstantiationStrategy.instantiate(SimpleInstantiationStrategy.java:87) ~[spring-beans-5.1.10.RELEASE.jar:5.1.10.RELEASE]
	at org.springframework.beans.factory.support.AbstractAutowireCapableBeanFactory.instantiateBean(AbstractAutowireCapableBeanFactory.java:1295) ~[spring-beans-5.1.10.RELEASE.jar:5.1.10.RELEASE]
	... 43 more
Caused by: java.lang.NullPointerException
	at com.ll.utils.getMac.getLocalMac(getMac.java:24) ~[classes/:?]
	at com.ll.web.OrderController.<clinit>(OrderController.java:35) ~[classes/:?]
	at sun.reflect.NativeConstructorAccessorImpl.newInstance0(Native Method) ~[?:1.8.0_201]
	at sun.reflect.NativeConstructorAccessorImpl.newInstance(NativeConstructorAccessorImpl.java:62) ~[?:1.8.0_201]
	at sun.reflect.DelegatingConstructorAccessorImpl.newInstance(DelegatingConstructorAccessorImpl.java:45) ~[?:1.8.0_201]
	at java.lang.reflect.Constructor.newInstance(Constructor.java:423) ~[?:1.8.0_201]
	at org.springframework.beans.BeanUtils.instantiateClass(BeanUtils.java:172) ~[spring-beans-5.1.10.RELEASE.jar:5.1.10.RELEASE]
	at org.springframework.beans.factory.support.SimpleInstantiationStrategy.instantiate(SimpleInstantiationStrategy.java:87) ~[spring-beans-5.1.10.RELEASE.jar:5.1.10.RELEASE]
	at org.springframework.beans.factory.support.AbstractAutowireCapableBeanFactory.instantiateBean(AbstractAutowireCapableBeanFactory.java:1295) ~[spring-beans-5.1.10.RELEASE.jar:5.1.10.RELEASE]
	... 43 more
[16:23:07:669] [ERROR] - org.springframework.test.context.TestContextManager.prepareTestInstance(TestContextManager.java:250) - Caught exception while allowing TestExecutionListener [org.springframework.test.context.web.ServletTestExecutionListener@64c63c79] to prepare test instance [com.ll.main.BankCounterOperatorApplicationTests@3382cf68]
java.lang.IllegalStateException: Failed to load ApplicationContext
	at org.springframework.test.context.cache.DefaultCacheAwareContextLoaderDelegate.loadContext(DefaultCacheAwareContextLoaderDelegate.java:125) ~[spring-test-5.1.10.RELEASE.jar:5.1.10.RELEASE]
	at org.springframework.test.context.support.DefaultTestContext.getApplicationContext(DefaultTestContext.java:108) ~[spring-test-5.1.10.RELEASE.jar:5.1.10.RELEASE]
	at org.springframework.test.context.web.ServletTestExecutionListener.setUpRequestContextIfNecessary(ServletTestExecutionListener.java:190) ~[spring-test-5.1.10.RELEASE.jar:5.1.10.RELEASE]
	at org.springframework.test.context.web.ServletTestExecutionListener.prepareTestInstance(ServletTestExecutionListener.java:132) ~[spring-test-5.1.10.RELEASE.jar:5.1.10.RELEASE]
	at org.springframework.test.context.TestContextManager.prepareTestInstance(TestContextManager.java:246) [spring-test-5.1.10.RELEASE.jar:5.1.10.RELEASE]
	at org.springframework.test.context.junit4.SpringJUnit4ClassRunner.createTest(SpringJUnit4ClassRunner.java:227) [spring-test-5.1.10.RELEASE.jar:5.1.10.RELEASE]
	at org.springframework.test.context.junit4.SpringJUnit4ClassRunner$1.runReflectiveCall(SpringJUnit4ClassRunner.java:289) [spring-test-5.1.10.RELEASE.jar:5.1.10.RELEASE]
	at org.junit.internal.runners.model.ReflectiveCallable.run(ReflectiveCallable.java:12) [junit-4.12.jar:4.12]
	at org.springframework.test.context.junit4.SpringJUnit4ClassRunner.methodBlock(SpringJUnit4ClassRunner.java:291) [spring-test-5.1.10.RELEASE.jar:5.1.10.RELEASE]
	at org.springframework.test.context.junit4.SpringJUnit4ClassRunner.runChild(SpringJUnit4ClassRunner.java:246) [spring-test-5.1.10.RELEASE.jar:5.1.10.RELEASE]
	at org.springframework.test.context.junit4.SpringJUnit4ClassRunner.runChild(SpringJUnit4ClassRunner.java:97) [spring-test-5.1.10.RELEASE.jar:5.1.10.RELEASE]
	at org.junit.runners.ParentRunner$3.run(ParentRunner.java:290) [junit-4.12.jar:4.12]
	at org.junit.runners.ParentRunner$1.schedule(ParentRunner.java:71) [junit-4.12.jar:4.12]
	at org.junit.runners.ParentRunner.runChildren(ParentRunner.java:288) [junit-4.12.jar:4.12]
	at org.junit.runners.ParentRunner.access$000(ParentRunner.java:58) [junit-4.12.jar:4.12]
	at org.junit.runners.ParentRunner$2.evaluate(ParentRunner.java:268) [junit-4.12.jar:4.12]
	at org.springframework.test.context.junit4.statements.RunBeforeTestClassCallbacks.evaluate(RunBeforeTestClassCallbacks.java:61) [spring-test-5.1.10.RELEASE.jar:5.1.10.RELEASE]
	at org.springframework.test.context.junit4.statements.RunAfterTestClassCallbacks.evaluate(RunAfterTestClassCallbacks.java:70) [spring-test-5.1.10.RELEASE.jar:5.1.10.RELEASE]
	at org.junit.runners.ParentRunner.run(ParentRunner.java:363) [junit-4.12.jar:4.12]
	at org.springframework.test.context.junit4.SpringJUnit4ClassRunner.run(SpringJUnit4ClassRunner.java:190) [spring-test-5.1.10.RELEASE.jar:5.1.10.RELEASE]
	at org.apache.maven.surefire.junit4.JUnit4Provider.execute(JUnit4Provider.java:365) [surefire-junit4-2.22.2.jar:2.22.2]
	at org.apache.maven.surefire.junit4.JUnit4Provider.executeWithRerun(JUnit4Provider.java:273) [surefire-junit4-2.22.2.jar:2.22.2]
	at org.apache.maven.surefire.junit4.JUnit4Provider.executeTestSet(JUnit4Provider.java:238) [surefire-junit4-2.22.2.jar:2.22.2]
	at org.apache.maven.surefire.junit4.JUnit4Provider.invoke(JUnit4Provider.java:159) [surefire-junit4-2.22.2.jar:2.22.2]
	at org.apache.maven.surefire.booter.ForkedBooter.invokeProviderInSameClassLoader(ForkedBooter.java:384) [surefire-booter-2.22.2.jar:2.22.2]
	at org.apache.maven.surefire.booter.ForkedBooter.runSuitesInProcess(ForkedBooter.java:345) [surefire-booter-2.22.2.jar:2.22.2]
	at org.apache.maven.surefire.booter.ForkedBooter.execute(ForkedBooter.java:126) [surefire-booter-2.22.2.jar:2.22.2]
	at org.apache.maven.surefire.booter.ForkedBooter.main(ForkedBooter.java:418) [surefire-booter-2.22.2.jar:2.22.2]
Caused by: org.springframework.beans.factory.BeanCreationException: Error creating bean with name 'orderController' defined in file [/Users/lipan/Downloads/szsmilejava-xht 2/xht/BankCounterOperator/target/classes/com/ll/web/OrderController.class]: Instantiation of bean failed; nested exception is java.lang.ExceptionInInitializerError
	at org.springframework.beans.factory.support.AbstractAutowireCapableBeanFactory.instantiateBean(AbstractAutowireCapableBeanFactory.java:1303) ~[spring-beans-5.1.10.RELEASE.jar:5.1.10.RELEASE]
	at org.springframework.beans.factory.support.AbstractAutowireCapableBeanFactory.createBeanInstance(AbstractAutowireCapableBeanFactory.java:1197) ~[spring-beans-5.1.10.RELEASE.jar:5.1.10.RELEASE]
	at org.springframework.beans.factory.support.AbstractAutowireCapableBeanFactory.doCreateBean(AbstractAutowireCapableBeanFactory.java:555) ~[spring-beans-5.1.10.RELEASE.jar:5.1.10.RELEASE]
	at org.springframework.beans.factory.support.AbstractAutowireCapableBeanFactory.createBean(AbstractAutowireCapableBeanFactory.java:515) ~[spring-beans-5.1.10.RELEASE.jar:5.1.10.RELEASE]
	at org.springframework.beans.factory.support.AbstractBeanFactory.lambda$doGetBean$0(AbstractBeanFactory.java:320) ~[spring-beans-5.1.10.RELEASE.jar:5.1.10.RELEASE]
	at org.springframework.beans.factory.support.DefaultSingletonBeanRegistry.getSingleton(DefaultSingletonBeanRegistry.java:222) ~[spring-beans-5.1.10.RELEASE.jar:5.1.10.RELEASE]
	at org.springframework.beans.factory.support.AbstractBeanFactory.doGetBean(AbstractBeanFactory.java:318) ~[spring-beans-5.1.10.RELEASE.jar:5.1.10.RELEASE]
	at org.springframework.beans.factory.support.AbstractBeanFactory.getBean(AbstractBeanFactory.java:199) ~[spring-beans-5.1.10.RELEASE.jar:5.1.10.RELEASE]
	at org.springframework.beans.factory.support.DefaultListableBeanFactory.preInstantiateSingletons(DefaultListableBeanFactory.java:847) ~[spring-beans-5.1.10.RELEASE.jar:5.1.10.RELEASE]
	at org.springframework.context.support.AbstractApplicationContext.finishBeanFactoryInitialization(AbstractApplicationContext.java:877) ~[spring-context-5.1.10.RELEASE.jar:5.1.10.RELEASE]
	at org.springframework.context.support.AbstractApplicationContext.refresh(AbstractApplicationContext.java:549) ~[spring-context-5.1.10.RELEASE.jar:5.1.10.RELEASE]
	at org.springframework.boot.SpringApplication.refresh(SpringApplication.java:744) ~[spring-boot-2.1.9.RELEASE.jar:2.1.9.RELEASE]
	at org.springframework.boot.SpringApplication.refreshContext(SpringApplication.java:391) ~[spring-boot-2.1.9.RELEASE.jar:2.1.9.RELEASE]
	at org.springframework.boot.SpringApplication.run(SpringApplication.java:312) ~[spring-boot-2.1.9.RELEASE.jar:2.1.9.RELEASE]
	at org.springframework.boot.test.context.SpringBootContextLoader.loadContext(SpringBootContextLoader.java:120) ~[spring-boot-test-2.1.9.RELEASE.jar:2.1.9.RELEASE]
	at org.springframework.test.context.cache.DefaultCacheAwareContextLoaderDelegate.loadContextInternal(DefaultCacheAwareContextLoaderDelegate.java:99) ~[spring-test-5.1.10.RELEASE.jar:5.1.10.RELEASE]
	at org.springframework.test.context.cache.DefaultCacheAwareContextLoaderDelegate.loadContext(DefaultCacheAwareContextLoaderDelegate.java:117) ~[spring-test-5.1.10.RELEASE.jar:5.1.10.RELEASE]
	... 27 more
Caused by: java.lang.ExceptionInInitializerError
	at sun.reflect.NativeConstructorAccessorImpl.newInstance0(Native Method) ~[?:1.8.0_201]
	at sun.reflect.NativeConstructorAccessorImpl.newInstance(NativeConstructorAccessorImpl.java:62) ~[?:1.8.0_201]
	at sun.reflect.DelegatingConstructorAccessorImpl.newInstance(DelegatingConstructorAccessorImpl.java:45) ~[?:1.8.0_201]
	at java.lang.reflect.Constructor.newInstance(Constructor.java:423) ~[?:1.8.0_201]
	at org.springframework.beans.BeanUtils.instantiateClass(BeanUtils.java:172) ~[spring-beans-5.1.10.RELEASE.jar:5.1.10.RELEASE]
	at org.springframework.beans.factory.support.SimpleInstantiationStrategy.instantiate(SimpleInstantiationStrategy.java:87) ~[spring-beans-5.1.10.RELEASE.jar:5.1.10.RELEASE]
	at org.springframework.beans.factory.support.AbstractAutowireCapableBeanFactory.instantiateBean(AbstractAutowireCapableBeanFactory.java:1295) ~[spring-beans-5.1.10.RELEASE.jar:5.1.10.RELEASE]
	at org.springframework.beans.factory.support.AbstractAutowireCapableBeanFactory.createBeanInstance(AbstractAutowireCapableBeanFactory.java:1197) ~[spring-beans-5.1.10.RELEASE.jar:5.1.10.RELEASE]
	at org.springframework.beans.factory.support.AbstractAutowireCapableBeanFactory.doCreateBean(AbstractAutowireCapableBeanFactory.java:555) ~[spring-beans-5.1.10.RELEASE.jar:5.1.10.RELEASE]
	at org.springframework.beans.factory.support.AbstractAutowireCapableBeanFactory.createBean(AbstractAutowireCapableBeanFactory.java:515) ~[spring-beans-5.1.10.RELEASE.jar:5.1.10.RELEASE]
	at org.springframework.beans.factory.support.AbstractBeanFactory.lambda$doGetBean$0(AbstractBeanFactory.java:320) ~[spring-beans-5.1.10.RELEASE.jar:5.1.10.RELEASE]
	at org.springframework.beans.factory.support.DefaultSingletonBeanRegistry.getSingleton(DefaultSingletonBeanRegistry.java:222) ~[spring-beans-5.1.10.RELEASE.jar:5.1.10.RELEASE]
	at org.springframework.beans.factory.support.AbstractBeanFactory.doGetBean(AbstractBeanFactory.java:318) ~[spring-beans-5.1.10.RELEASE.jar:5.1.10.RELEASE]
	at org.springframework.beans.factory.support.AbstractBeanFactory.getBean(AbstractBeanFactory.java:199) ~[spring-beans-5.1.10.RELEASE.jar:5.1.10.RELEASE]
	at org.springframework.beans.factory.support.DefaultListableBeanFactory.preInstantiateSingletons(DefaultListableBeanFactory.java:847) ~[spring-beans-5.1.10.RELEASE.jar:5.1.10.RELEASE]
	at org.springframework.context.support.AbstractApplicationContext.finishBeanFactoryInitialization(AbstractApplicationContext.java:877) ~[spring-context-5.1.10.RELEASE.jar:5.1.10.RELEASE]
	at org.springframework.context.support.AbstractApplicationContext.refresh(AbstractApplicationContext.java:549) ~[spring-context-5.1.10.RELEASE.jar:5.1.10.RELEASE]
	at org.springframework.boot.SpringApplication.refresh(SpringApplication.java:744) ~[spring-boot-2.1.9.RELEASE.jar:2.1.9.RELEASE]
	at org.springframework.boot.SpringApplication.refreshContext(SpringApplication.java:391) ~[spring-boot-2.1.9.RELEASE.jar:2.1.9.RELEASE]
	at org.springframework.boot.SpringApplication.run(SpringApplication.java:312) ~[spring-boot-2.1.9.RELEASE.jar:2.1.9.RELEASE]
	at org.springframework.boot.test.context.SpringBootContextLoader.loadContext(SpringBootContextLoader.java:120) ~[spring-boot-test-2.1.9.RELEASE.jar:2.1.9.RELEASE]
	at org.springframework.test.context.cache.DefaultCacheAwareContextLoaderDelegate.loadContextInternal(DefaultCacheAwareContextLoaderDelegate.java:99) ~[spring-test-5.1.10.RELEASE.jar:5.1.10.RELEASE]
	at org.springframework.test.context.cache.DefaultCacheAwareContextLoaderDelegate.loadContext(DefaultCacheAwareContextLoaderDelegate.java:117) ~[spring-test-5.1.10.RELEASE.jar:5.1.10.RELEASE]
	... 27 more
Caused by: java.lang.NullPointerException
	at com.ll.utils.getMac.getLocalMac(getMac.java:24) ~[classes/:?]
	at com.ll.web.OrderController.<clinit>(OrderController.java:35) ~[classes/:?]
	at sun.reflect.NativeConstructorAccessorImpl.newInstance0(Native Method) ~[?:1.8.0_201]
	at sun.reflect.NativeConstructorAccessorImpl.newInstance(NativeConstructorAccessorImpl.java:62) ~[?:1.8.0_201]
	at sun.reflect.DelegatingConstructorAccessorImpl.newInstance(DelegatingConstructorAccessorImpl.java:45) ~[?:1.8.0_201]
	at java.lang.reflect.Constructor.newInstance(Constructor.java:423) ~[?:1.8.0_201]
	at org.springframework.beans.BeanUtils.instantiateClass(BeanUtils.java:172) ~[spring-beans-5.1.10.RELEASE.jar:5.1.10.RELEASE]
	at org.springframework.beans.factory.support.SimpleInstantiationStrategy.instantiate(SimpleInstantiationStrategy.java:87) ~[spring-beans-5.1.10.RELEASE.jar:5.1.10.RELEASE]
	at org.springframework.beans.factory.support.AbstractAutowireCapableBeanFactory.instantiateBean(AbstractAutowireCapableBeanFactory.java:1295) ~[spring-beans-5.1.10.RELEASE.jar:5.1.10.RELEASE]
	at org.springframework.beans.factory.support.AbstractAutowireCapableBeanFactory.createBeanInstance(AbstractAutowireCapableBeanFactory.java:1197) ~[spring-beans-5.1.10.RELEASE.jar:5.1.10.RELEASE]
	at org.springframework.beans.factory.support.AbstractAutowireCapableBeanFactory.doCreateBean(AbstractAutowireCapableBeanFactory.java:555) ~[spring-beans-5.1.10.RELEASE.jar:5.1.10.RELEASE]
	at org.springframework.beans.factory.support.AbstractAutowireCapableBeanFactory.createBean(AbstractAutowireCapableBeanFactory.java:515) ~[spring-beans-5.1.10.RELEASE.jar:5.1.10.RELEASE]
	at org.springframework.beans.factory.support.AbstractBeanFactory.lambda$doGetBean$0(AbstractBeanFactory.java:320) ~[spring-beans-5.1.10.RELEASE.jar:5.1.10.RELEASE]
	at org.springframework.beans.factory.support.DefaultSingletonBeanRegistry.getSingleton(DefaultSingletonBeanRegistry.java:222) ~[spring-beans-5.1.10.RELEASE.jar:5.1.10.RELEASE]
	at org.springframework.beans.factory.support.AbstractBeanFactory.doGetBean(AbstractBeanFactory.java:318) ~[spring-beans-5.1.10.RELEASE.jar:5.1.10.RELEASE]
	at org.springframework.beans.factory.support.AbstractBeanFactory.getBean(AbstractBeanFactory.java:199) ~[spring-beans-5.1.10.RELEASE.jar:5.1.10.RELEASE]
	at org.springframework.beans.factory.support.DefaultListableBeanFactory.preInstantiateSingletons(DefaultListableBeanFactory.java:847) ~[spring-beans-5.1.10.RELEASE.jar:5.1.10.RELEASE]
	at org.springframework.context.support.AbstractApplicationContext.finishBeanFactoryInitialization(AbstractApplicationContext.java:877) ~[spring-context-5.1.10.RELEASE.jar:5.1.10.RELEASE]
	at org.springframework.context.support.AbstractApplicationContext.refresh(AbstractApplicationContext.java:549) ~[spring-context-5.1.10.RELEASE.jar:5.1.10.RELEASE]
	at org.springframework.boot.SpringApplication.refresh(SpringApplication.java:744) ~[spring-boot-2.1.9.RELEASE.jar:2.1.9.RELEASE]
	at org.springframework.boot.SpringApplication.refreshContext(SpringApplication.java:391) ~[spring-boot-2.1.9.RELEASE.jar:2.1.9.RELEASE]
	at org.springframework.boot.SpringApplication.run(SpringApplication.java:312) ~[spring-boot-2.1.9.RELEASE.jar:2.1.9.RELEASE]
	at org.springframework.boot.test.context.SpringBootContextLoader.loadContext(SpringBootContextLoader.java:120) ~[spring-boot-test-2.1.9.RELEASE.jar:2.1.9.RELEASE]
	at org.springframework.test.context.cache.DefaultCacheAwareContextLoaderDelegate.loadContextInternal(DefaultCacheAwareContextLoaderDelegate.java:99) ~[spring-test-5.1.10.RELEASE.jar:5.1.10.RELEASE]
	at org.springframework.test.context.cache.DefaultCacheAwareContextLoaderDelegate.loadContext(DefaultCacheAwareContextLoaderDelegate.java:117) ~[spring-test-5.1.10.RELEASE.jar:5.1.10.RELEASE]
	... 27 more
]]></system-out>
  </testcase>
</testsuite>